2022-09-28 13:25:12,979 - INFO loginpage.py [line:29]: 【===登录操作===】
2022-09-28 13:25:12,979 - INFO basePage.py [line:38]: 等待"姓名输入框"元素,定位方式:('id', 'username')
2022-09-28 13:25:43,364 - ERROR basePage.py [line:45]: 等待"姓名输入框"元素失败,定位方式:('id', 'username')
Traceback (most recent call last):
  File "D:\RiQingUITest\Common\basePage.py", line 41, in wait_eleVisible
    WebDriverWait(self.driver, timeout, poll_frequency).until(EC.visibility_of_element_located(loc))
  File "E:\IT_Application\Python\python\lib\site-packages\selenium\webdriver\support\wait.py", line 90, in until
    raise TimeoutException(message, screen, stacktrace)
selenium.common.exceptions.TimeoutException: Message: 
Stacktrace:
Backtrace:
	Ordinal0 [0x00D5DF13+2219795]
	Ordinal0 [0x00CF2841+1779777]
	Ordinal0 [0x00C0423D+803389]
	Ordinal0 [0x00C33025+995365]
	Ordinal0 [0x00C331EB+995819]
	Ordinal0 [0x00C60F52+1183570]
	Ordinal0 [0x00C4E844+1108036]
	Ordinal0 [0x00C5F192+1175954]
	Ordinal0 [0x00C4E616+1107478]
	Ordinal0 [0x00C27F89+950153]
	Ordinal0 [0x00C28F56+954198]
	GetHandleVerifier [0x01052CB2+3040210]
	GetHandleVerifier [0x01042BB4+2974420]
	GetHandleVerifier [0x00DF6A0A+565546]
	GetHandleVerifier [0x00DF5680+560544]
	Ordinal0 [0x00CF9A5C+1808988]
	Ordinal0 [0x00CFE3A8+1827752]
	Ordinal0 [0x00CFE495+1827989]
	Ordinal0 [0x00D080A4+1867940]
	BaseThreadInitThunk [0x76C3FA29+25]
	RtlGetAppContainerNamedObjectPath [0x76F57B5E+286]
	RtlGetAppContainerNamedObjectPath [0x76F57B2E+238]

