2022-09-29 21:19:22,685 - INFO basePage.py [line:86]: 查找"None"元素，元素定位:('id', 'username')
2022-09-29 21:19:22,709 - INFO basePage.py [line:111]: 在"None"输入"43347",元素定位:('id', 'username')
2022-09-29 21:19:22,913 - INFO basePage.py [line:86]: 查找"None"元素，元素定位:('id', 'password')
2022-09-29 21:19:22,929 - INFO basePage.py [line:111]: 在"None"输入"BW@jason8854",元素定位:('id', 'password')
2022-09-29 21:19:23,057 - INFO basePage.py [line:86]: 查找"None"元素，元素定位:('id', 'submit')
2022-09-29 21:19:23,081 - INFO basePage.py [line:138]: 点击"None",元素定位:('id', 'submit')
2022-09-29 21:19:24,042 - INFO basePage.py [line:86]: 查找"None"元素，元素定位:('id', 'firstPageAction')
2022-09-29 21:19:24,066 - INFO basePage.py [line:138]: 点击"None",元素定位:('id', 'firstPageAction')
2022-09-29 21:19:24,561 - INFO basePage.py [line:182]: iframe 切换操作:
2022-09-29 21:19:25,139 - INFO basePage.py [line:188]: 切换成功
2022-09-29 21:19:25,139 - INFO basePage.py [line:86]: 查找"None"元素，元素定位:('id', 'insertDayPlan')
2022-09-29 21:19:25,155 - INFO basePage.py [line:138]: 点击"None",元素定位:('id', 'insertDayPlan')
2022-09-29 21:19:25,307 - INFO basePage.py [line:182]: iframe 切换操作:
2022-09-29 21:19:55,370 - ERROR basePage.py [line:190]: iframe 切换失败!!!
Traceback (most recent call last):
  File "D:\RiQingUITest\Common\basePage.py", line 186, in switch_iframe
    EC.frame_to_be_available_and_switch_to_it(frame_refer))
  File "E:\IT_Application\Python\python\lib\site-packages\selenium\webdriver\support\wait.py", line 90, in until
    raise TimeoutException(message, screen, stacktrace)
selenium.common.exceptions.TimeoutException: Message: 
Stacktrace:
Backtrace:
	Ordinal0 [0x00D5DF13+2219795]
	Ordinal0 [0x00CF2841+1779777]
	Ordinal0 [0x00C0423D+803389]
	Ordinal0 [0x00C33025+995365]
	Ordinal0 [0x00C331EB+995819]
	Ordinal0 [0x00C60F52+1183570]
	Ordinal0 [0x00C4E844+1108036]
	Ordinal0 [0x00C5F192+1175954]
	Ordinal0 [0x00C4E616+1107478]
	Ordinal0 [0x00C27F89+950153]
	Ordinal0 [0x00C28F56+954198]
	GetHandleVerifier [0x01052CB2+3040210]
	GetHandleVerifier [0x01042BB4+2974420]
	GetHandleVerifier [0x00DF6A0A+565546]
	GetHandleVerifier [0x00DF5680+560544]
	Ordinal0 [0x00CF9A5C+1808988]
	Ordinal0 [0x00CFE3A8+1827752]
	Ordinal0 [0x00CFE495+1827989]
	Ordinal0 [0x00D080A4+1867940]
	BaseThreadInitThunk [0x76C3FA29+25]
	RtlGetAppContainerNamedObjectPath [0x76F57B5E+286]
	RtlGetAppContainerNamedObjectPath [0x76F57B2E+238]

