2022-09-29 21:57:55,605 - INFO basePage.py [line:86]: 查找"None"元素，元素定位:('id', 'username')
2022-09-29 21:57:55,629 - INFO basePage.py [line:111]: 在"None"输入"43347",元素定位:('id', 'username')
2022-09-29 21:57:55,763 - INFO basePage.py [line:86]: 查找"None"元素，元素定位:('id', 'password')
2022-09-29 21:57:55,779 - INFO basePage.py [line:111]: 在"None"输入"BW@jason8854",元素定位:('id', 'password')
2022-09-29 21:57:55,883 - INFO basePage.py [line:86]: 查找"None"元素，元素定位:('id', 'submit')
2022-09-29 21:57:55,899 - INFO basePage.py [line:138]: 点击"None",元素定位:('id', 'submit')
2022-09-29 21:57:56,949 - INFO basePage.py [line:86]: 查找"None"元素，元素定位:('id', 'firstPageAction')
2022-09-29 21:57:56,973 - INFO basePage.py [line:138]: 点击"None",元素定位:('id', 'firstPageAction')
2022-09-29 21:57:57,408 - INFO basePage.py [line:182]: iframe 切换操作:
2022-09-29 21:57:57,960 - INFO basePage.py [line:188]: 切换成功
2022-09-29 21:57:57,960 - INFO basePage.py [line:86]: 查找"None"元素，元素定位:('id', 'insertDayPlan')
2022-09-29 21:57:57,984 - INFO basePage.py [line:138]: 点击"None",元素定位:('id', 'insertDayPlan')
2022-09-29 21:57:58,096 - INFO basePage.py [line:182]: iframe 切换操作:
2022-09-29 21:58:28,397 - ERROR basePage.py [line:190]: iframe 切换失败!!!
Traceback (most recent call last):
  File "D:\RiQingUITest\Common\basePage.py", line 186, in switch_iframe
    EC.frame_to_be_available_and_switch_to_it(frame_refer))
  File "E:\IT_Application\Python\python\lib\site-packages\selenium\webdriver\support\wait.py", line 87, in until
    time.sleep(self._poll)
KeyboardInterrupt
