2022-10-03 16:19:05,586 - INFO basePage.py [line:86]: 查找"None"元素，元素定位:('id', 'username')
2022-10-03 16:19:05,598 - INFO basePage.py [line:111]: 在"None"输入"43347",元素定位:('id', 'username')
2022-10-03 16:19:05,670 - INFO basePage.py [line:86]: 查找"None"元素，元素定位:('id', 'password')
2022-10-03 16:19:05,680 - INFO basePage.py [line:111]: 在"None"输入"BW@jason8854",元素定位:('id', 'password')
2022-10-03 16:19:06,735 - INFO basePage.py [line:86]: 查找"None"元素，元素定位:('id', 'submit')
2022-10-03 16:19:06,735 - INFO basePage.py [line:138]: 点击"None",元素定位:('id', 'submit')
2022-10-03 16:19:07,042 - INFO basePage.py [line:86]: 查找"None"元素，元素定位:('id', 'firstPageAction')
2022-10-03 16:19:07,063 - INFO basePage.py [line:138]: 点击"None",元素定位:('id', 'firstPageAction')
2022-10-03 16:19:08,100 - INFO basePage.py [line:182]: iframe 切换操作:
2022-10-03 16:19:08,635 - INFO basePage.py [line:188]: 切换成功
2022-10-03 16:19:08,635 - INFO basePage.py [line:86]: 查找"None"元素，元素定位:('id', 'insertDayPlan')
2022-10-03 16:19:08,650 - INFO basePage.py [line:138]: 点击"None",元素定位:('id', 'insertDayPlan')
2022-10-03 16:19:11,750 - INFO basePage.py [line:182]: iframe 切换操作:
2022-10-03 16:19:12,273 - INFO basePage.py [line:188]: 切换成功
2022-10-03 16:19:12,273 - INFO basePage.py [line:86]: 查找"None"元素，元素定位:('xpath', '/html/body/div[2]/div/form/div[1]/div/div')
2022-10-03 16:19:12,291 - INFO basePage.py [line:86]: 查找"None"元素，元素定位:('xpath', '/html/body/div[2]/div/form/div[1]/div/div/dl/dd[text()="内控建设"]')
2022-10-03 16:19:12,300 - INFO basePage.py [line:138]: 点击"None",元素定位:('xpath', '/html/body/div[2]/div/form/div[1]/div/div/dl/dd[text()="内控建设"]')
2022-10-03 16:19:12,698 - INFO basePage.py [line:86]: 查找"None"元素，元素定位:('xpath', '/html/body/div[2]/div/form/div[5]/div/div')
2022-10-03 16:19:12,712 - INFO basePage.py [line:86]: 查找"None"元素，元素定位:('xpath', '/html/body/div[2]/div/form/div[5]/div/div/dl/dd[text()="建设及其他成本"]')
2022-10-03 16:19:12,725 - INFO basePage.py [line:138]: 点击"None",元素定位:('xpath', '/html/body/div[2]/div/form/div[5]/div/div/dl/dd[text()="建设及其他成本"]')
2022-10-03 16:19:12,780 - INFO basePage.py [line:86]: 查找"None"元素，元素定位:('id', 'saveSumDayPlan')
2022-10-03 16:19:12,794 - INFO basePage.py [line:138]: 点击"None",元素定位:('id', 'saveSumDayPlan')
