2022-10-03 15:25:55,620 - INFO basePage.py [line:86]: 查找"None"元素，元素定位:('id', 'username')
2022-10-03 15:25:55,636 - INFO basePage.py [line:111]: 在"None"输入"43347",元素定位:('id', 'username')
2022-10-03 15:25:55,807 - INFO basePage.py [line:86]: 查找"None"元素，元素定位:('id', 'password')
2022-10-03 15:25:55,823 - INFO basePage.py [line:111]: 在"None"输入"BW@jason8854",元素定位:('id', 'password')
2022-10-03 15:25:56,936 - INFO basePage.py [line:86]: 查找"None"元素，元素定位:('id', 'submit')
2022-10-03 15:25:56,949 - INFO basePage.py [line:138]: 点击"None",元素定位:('id', 'submit')
2022-10-03 15:25:57,762 - INFO basePage.py [line:86]: 查找"None"元素，元素定位:('id', 'firstPageAction')
2022-10-03 15:25:57,794 - INFO basePage.py [line:138]: 点击"None",元素定位:('id', 'firstPageAction')
2022-10-03 15:25:58,396 - INFO basePage.py [line:182]: iframe 切换操作:
2022-10-03 15:25:58,966 - INFO basePage.py [line:188]: 切换成功
2022-10-03 15:26:01,969 - INFO basePage.py [line:86]: 查找"None"元素，元素定位:('id', 'insertDayPlan')
2022-10-03 15:26:01,984 - INFO basePage.py [line:138]: 点击"None",元素定位:('id', 'insertDayPlan')
2022-10-03 15:26:08,126 - INFO basePage.py [line:182]: iframe 切换操作:
2022-10-03 15:26:08,682 - INFO basePage.py [line:188]: 切换成功
2022-10-03 15:26:08,682 - INFO basePage.py [line:86]: 查找"None"元素，元素定位:('xpath', '/html/body/div[2]/div/form/div[1]/div/div')
2022-10-03 15:26:08,718 - INFO basePage.py [line:86]: 查找"None"元素，元素定位:('xpath', '/html/body/div[2]/div/form/div[1]/div/div/dl/dd[text()="内控建设"]')
2022-10-03 15:26:08,750 - INFO basePage.py [line:138]: 点击"None",元素定位:('xpath', '/html/body/div[2]/div/form/div[1]/div/div/dl/dd[text()="内控建设"]')
2022-10-03 15:26:09,128 - INFO basePage.py [line:86]: 查找"None"元素，元素定位:('xpath', '/html/body/div[2]/div/form/div[5]/div/div')
2022-10-03 15:26:09,168 - INFO basePage.py [line:86]: 查找"None"元素，元素定位:('xpath', '/html/body/div[2]/div/form/div[5]/div/div/dl/dd[text()="建设及其他成本"]')
2022-10-03 15:26:09,192 - INFO basePage.py [line:138]: 点击"None",元素定位:('xpath', '/html/body/div[2]/div/form/div[5]/div/div/dl/dd[text()="建设及其他成本"]')
