2022-10-03 15:27:21,870 - INFO basePage.py [line:86]: 查找"None"元素，元素定位:('id', 'username')
2022-10-03 15:27:21,894 - INFO basePage.py [line:111]: 在"None"输入"43347",元素定位:('id', 'username')
2022-10-03 15:27:22,070 - INFO basePage.py [line:86]: 查找"None"元素，元素定位:('id', 'password')
2022-10-03 15:27:22,086 - INFO basePage.py [line:111]: 在"None"输入"BW@jason8854",元素定位:('id', 'password')
2022-10-03 15:27:23,218 - INFO basePage.py [line:86]: 查找"None"元素，元素定位:('id', 'submit')
2022-10-03 15:27:23,234 - INFO basePage.py [line:138]: 点击"None",元素定位:('id', 'submit')
2022-10-03 15:27:23,985 - INFO basePage.py [line:86]: 查找"None"元素，元素定位:('id', 'firstPageAction')
2022-10-03 15:27:24,009 - INFO basePage.py [line:138]: 点击"None",元素定位:('id', 'firstPageAction')
2022-10-03 15:27:24,625 - INFO basePage.py [line:182]: iframe 切换操作:
2022-10-03 15:27:25,241 - INFO basePage.py [line:188]: 切换成功
2022-10-03 15:27:28,249 - INFO basePage.py [line:86]: 查找"None"元素，元素定位:('id', 'insertDayPlan')
2022-10-03 15:27:28,265 - INFO basePage.py [line:138]: 点击"None",元素定位:('id', 'insertDayPlan')
2022-10-03 15:27:34,393 - INFO basePage.py [line:182]: iframe 切换操作:
2022-10-03 15:27:34,948 - INFO basePage.py [line:188]: 切换成功
2022-10-03 15:27:34,948 - INFO basePage.py [line:86]: 查找"None"元素，元素定位:('xpath', '/html/body/div[2]/div/form/div[1]/div/div')
2022-10-03 15:27:34,983 - INFO basePage.py [line:86]: 查找"None"元素，元素定位:('xpath', '/html/body/div[2]/div/form/div[1]/div/div/dl/dd[text()="内控建设"]')
2022-10-03 15:27:35,012 - INFO basePage.py [line:138]: 点击"None",元素定位:('xpath', '/html/body/div[2]/div/form/div[1]/div/div/dl/dd[text()="内控建设"]')
2022-10-03 15:27:35,392 - INFO basePage.py [line:86]: 查找"None"元素，元素定位:('xpath', '/html/body/div[2]/div/form/div[5]/div/div')
2022-10-03 15:27:35,429 - INFO basePage.py [line:86]: 查找"None"元素，元素定位:('xpath', '/html/body/div[2]/div/form/div[5]/div/div/dl/dd[text()="建设及其他成本"]')
2022-10-03 15:27:35,456 - INFO basePage.py [line:138]: 点击"None",元素定位:('xpath', '/html/body/div[2]/div/form/div[5]/div/div/dl/dd[text()="建设及其他成本"]')
2022-10-03 15:27:35,593 - INFO basePage.py [line:86]: 查找"None"元素，元素定位:('id', 'saveSumDayPlan')
2022-10-03 15:27:35,620 - INFO basePage.py [line:138]: 点击"None",元素定位:('id', 'saveSumDayPlan')
