2022-10-10 16:34:11,148 - INFO basePage.py [line:86]: 查找"None"元素，元素定位:('id', 'username')
2022-10-10 16:34:11,156 - INFO basePage.py [line:111]: 在"None"输入"43347",元素定位:('id', 'username')
2022-10-10 16:34:11,270 - INFO basePage.py [line:86]: 查找"None"元素，元素定位:('id', 'password')
2022-10-10 16:34:11,286 - INFO basePage.py [line:111]: 在"None"输入"BW@jason8854",元素定位:('id', 'password')
2022-10-10 16:34:12,367 - INFO basePage.py [line:86]: 查找"None"元素，元素定位:('id', 'submit')
2022-10-10 16:34:12,382 - INFO basePage.py [line:138]: 点击"None",元素定位:('id', 'submit')
2022-10-10 16:34:12,907 - INFO basePage.py [line:86]: 查找"None"元素，元素定位:('id', 'firstPageAction')
2022-10-10 16:34:12,931 - INFO basePage.py [line:138]: 点击"None",元素定位:('id', 'firstPageAction')
2022-10-10 16:34:13,803 - INFO basePage.py [line:182]: iframe 切换操作:None
2022-10-10 16:34:14,375 - INFO basePage.py [line:188]: 切换成功
2022-10-10 16:34:17,386 - INFO basePage.py [line:86]: 查找"None"元素，元素定位:('id', 'insertDayPlan')
2022-10-10 16:34:17,402 - INFO basePage.py [line:138]: 点击"None",元素定位:('id', 'insertDayPlan')
2022-10-10 16:34:20,569 - INFO basePage.py [line:182]: iframe 切换操作:None
2022-10-10 16:34:21,116 - INFO basePage.py [line:188]: 切换成功
2022-10-10 16:34:21,116 - INFO basePage.py [line:86]: 查找"清空大类"元素，元素定位:('xpath', '/html/body/div[2]/div/form/div[2]/div/div/div/input')
2022-10-10 16:34:21,131 - INFO basePage.py [line:124]: 清除"清空大类",元素定位:('xpath', '/html/body/div[2]/div/form/div[2]/div/div/div/input')
2022-10-10 16:34:21,211 - INFO basePage.py [line:86]: 查找"搜索大类"元素，元素定位:('xpath', '/html/body/div[2]/div/form/div[2]/div/div/div/input')
2022-10-10 16:34:21,219 - INFO basePage.py [line:111]: 在"搜索大类"输入"实施项目哈哈哈哈",元素定位:('xpath', '/html/body/div[2]/div/form/div[2]/div/div/div/input')
2022-10-10 16:34:26,365 - INFO basePage.py [line:86]: 查找"None"元素，元素定位:('xpath', '/html/body/div[2]/div/form/div[5]/div/div')
2022-10-10 16:34:26,392 - INFO basePage.py [line:86]: 查找"None"元素，元素定位:('xpath', '/html/body/div[2]/div/form/div[5]/div/div/dl/dd[text()="建设及其他成本"]')
2022-10-10 16:34:26,424 - INFO basePage.py [line:138]: 点击"None",元素定位:('xpath', '/html/body/div[2]/div/form/div[5]/div/div/dl/dd[text()="建设及其他成本"]')
2022-10-10 16:34:26,584 - INFO basePage.py [line:86]: 查找"None"元素，元素定位:('id', 'saveSumDayPlan')
2022-10-10 16:34:26,605 - INFO basePage.py [line:138]: 点击"None",元素定位:('id', 'saveSumDayPlan')
2022-10-10 16:34:31,851 - INFO basePage.py [line:86]: 查找"None"元素，元素定位:('xpath', '//*[@id="layui-layer2"]/div')
2022-10-10 16:34:59,151 - INFO basePage.py [line:152]: 获取"None"元素文本内容，元素定位:('xpath', '//*[@id="layui-layer2"]/div')
2022-10-10 16:34:59,182 - INFO basePage.py [line:155]: 获取"None"元素文本内容为"添加",元素定位:('xpath', '//*[@id="layui-layer2"]/div')
2022-10-10 16:34:59,182 - INFO basePage.py [line:86]: 查找"None"元素，元素定位:('xpath', '//*[@id="layui-layer2"]/div')
2022-10-10 16:34:59,190 - INFO basePage.py [line:152]: 获取"None"元素文本内容，元素定位:('xpath', '//*[@id="layui-layer2"]/div')
2022-10-10 16:34:59,214 - INFO basePage.py [line:155]: 获取"None"元素文本内容为"添加",元素定位:('xpath', '//*[@id="layui-layer2"]/div')
