2022-10-10 16:32:41,193 - INFO basePage.py [line:86]: 查找"None"元素，元素定位:('id', 'username')
2022-10-10 16:32:41,209 - INFO basePage.py [line:111]: 在"None"输入"43347",元素定位:('id', 'username')
2022-10-10 16:32:41,371 - INFO basePage.py [line:86]: 查找"None"元素，元素定位:('id', 'password')
2022-10-10 16:32:41,387 - INFO basePage.py [line:111]: 在"None"输入"BW@jason8854",元素定位:('id', 'password')
2022-10-10 16:32:42,504 - INFO basePage.py [line:86]: 查找"None"元素，元素定位:('id', 'submit')
2022-10-10 16:32:42,520 - INFO basePage.py [line:138]: 点击"None",元素定位:('id', 'submit')
2022-10-10 16:32:43,061 - INFO basePage.py [line:86]: 查找"None"元素，元素定位:('id', 'firstPageAction')
2022-10-10 16:32:43,085 - INFO basePage.py [line:138]: 点击"None",元素定位:('id', 'firstPageAction')
2022-10-10 16:32:43,924 - INFO basePage.py [line:182]: iframe 切换操作:None
2022-10-10 16:32:44,503 - INFO basePage.py [line:188]: 切换成功
2022-10-10 16:32:47,515 - INFO basePage.py [line:86]: 查找"None"元素，元素定位:('id', 'insertDayPlan')
2022-10-10 16:32:47,531 - INFO basePage.py [line:138]: 点击"None",元素定位:('id', 'insertDayPlan')
2022-10-10 16:32:50,698 - INFO basePage.py [line:182]: iframe 切换操作:None
2022-10-10 16:32:51,258 - INFO basePage.py [line:188]: 切换成功
2022-10-10 16:32:51,258 - INFO basePage.py [line:86]: 查找"清空大类"元素，元素定位:('xpath', '/html/body/div[2]/div/form/div[2]/div/div/div/input')
2022-10-10 16:32:51,274 - INFO basePage.py [line:124]: 清除"清空大类",元素定位:('xpath', '/html/body/div[2]/div/form/div[2]/div/div/div/input')
2022-10-10 16:32:51,341 - INFO basePage.py [line:86]: 查找"搜索大类"元素，元素定位:('xpath', '/html/body/div[2]/div/form/div[2]/div/div/div/input')
2022-10-10 16:32:51,349 - INFO basePage.py [line:111]: 在"搜索大类"输入"实施项目哈哈哈哈",元素定位:('xpath', '/html/body/div[2]/div/form/div[2]/div/div/div/input')
2022-10-10 16:32:51,497 - INFO basePage.py [line:86]: 查找"None"元素，元素定位:('xpath', '/html/body/div[2]/div/form/div[5]/div/div')
2022-10-10 16:32:51,537 - INFO basePage.py [line:86]: 查找"None"元素，元素定位:('xpath', '/html/body/div[2]/div/form/div[5]/div/div/dl/dd[text()="建设及其他成本"]')
2022-10-10 16:32:51,569 - INFO basePage.py [line:138]: 点击"None",元素定位:('xpath', '/html/body/div[2]/div/form/div[5]/div/div/dl/dd[text()="建设及其他成本"]')
2022-10-10 16:32:51,730 - INFO basePage.py [line:86]: 查找"None"元素，元素定位:('id', 'saveSumDayPlan')
2022-10-10 16:32:51,754 - INFO basePage.py [line:138]: 点击"None",元素定位:('id', 'saveSumDayPlan')
2022-10-10 16:32:57,006 - INFO basePage.py [line:86]: 查找"None"元素，元素定位:('xpath', '//*[@id="layui-layer2"]/div')
2022-10-10 16:33:27,017 - ERROR basePage.py [line:90]: 查找"None"元素失败,定位方式:('xpath', '//*[@id="layui-layer2"]/div')
Traceback (most recent call last):
  File "D:\RiQingUITest\Common\basePage.py", line 88, in find_element
    return self.driver.find_element(*loc)
  File "E:\IT_Application\Python\python\lib\site-packages\selenium\webdriver\remote\webdriver.py", line 857, in find_element
    'value': value})['value']
  File "E:\IT_Application\Python\python\lib\site-packages\selenium\webdriver\remote\webdriver.py", line 428, in execute
    self.error_handler.check_response(response)
  File "E:\IT_Application\Python\python\lib\site-packages\selenium\webdriver\remote\errorhandler.py", line 243, in check_response
    raise exception_class(message, screen, stacktrace)
selenium.common.exceptions.NoSuchElementException: Message: no such element: Unable to locate element: {"method":"xpath","selector":"//*[@id="layui-layer2"]/div"}
  (Session info: chrome=106.0.5249.62)
Stacktrace:
Backtrace:
	Ordinal0 [0x0089DF13+2219795]
	Ordinal0 [0x00832841+1779777]
	Ordinal0 [0x0074423D+803389]
	Ordinal0 [0x00773025+995365]
	Ordinal0 [0x007731EB+995819]
	Ordinal0 [0x007A0F52+1183570]
	Ordinal0 [0x0078E844+1108036]
	Ordinal0 [0x0079F192+1175954]
	Ordinal0 [0x0078E616+1107478]
	Ordinal0 [0x00767F89+950153]
	Ordinal0 [0x00768F56+954198]
	GetHandleVerifier [0x00B92CB2+3040210]
	GetHandleVerifier [0x00B82BB4+2974420]
	GetHandleVerifier [0x00936A0A+565546]
	GetHandleVerifier [0x00935680+560544]
	Ordinal0 [0x00839A5C+1808988]
	Ordinal0 [0x0083E3A8+1827752]
	Ordinal0 [0x0083E495+1827989]
	Ordinal0 [0x008480A4+1867940]
	BaseThreadInitThunk [0x775FFA29+25]
	RtlGetAppContainerNamedObjectPath [0x777E7B5E+286]
	RtlGetAppContainerNamedObjectPath [0x777E7B2E+238]

