2022-10-10 15:42:01,909 - INFO conftest.py [line:12]: ==========开始 日清项目 执行测试===========
2022-10-10 15:42:03,978 - INFO conftest.py [line:18]: ==========开始执行测试用例集===========
2022-10-10 15:42:03,978 - INFO conftest.py [line:19]: ----------前置操作：登录日清系统-----------
2022-10-10 15:42:03,978 - INFO conftest.py [line:22]: ---<selenium.webdriver.chrome.webdriver.WebDriver (session="d2587fa89c5856d4cd478a06bb1eb80d")>
2022-10-10 15:42:04,245 - INFO loginpage.py [line:29]: 【===登录操作===】
2022-10-10 15:42:04,245 - INFO basePage.py [line:51]: 等待"姓名输入框"元素,定位方式:('id', 'username')
2022-10-10 15:42:04,346 - INFO basePage.py [line:56]: 等待"姓名输入框"时长:0:00:00.093263
2022-10-10 15:42:04,346 - INFO basePage.py [line:86]: 查找"姓名输入框"元素，元素定位:('id', 'username')
2022-10-10 15:42:04,354 - INFO basePage.py [line:111]: 在"姓名输入框"输入"43347",元素定位:('id', 'username')
2022-10-10 15:42:04,466 - INFO basePage.py [line:86]: 查找"密码框"元素，元素定位:('id', 'password')
2022-10-10 15:42:04,490 - INFO basePage.py [line:111]: 在"密码框"输入"BW@jason8854",元素定位:('id', 'password')
2022-10-10 15:42:04,594 - INFO basePage.py [line:86]: 查找"点击登录"元素，元素定位:('id', 'submit')
2022-10-10 15:42:04,610 - INFO basePage.py [line:138]: 点击"点击登录",元素定位:('id', 'submit')
2022-10-10 15:42:07,686 - INFO conftest.py [line:26]: ----------前置操作完成：登录日清系统-----------
2022-10-10 15:42:07,686 - INFO dayplanpage.py [line:42]: 【===添加日清操作===】
2022-10-10 15:42:07,686 - INFO basePage.py [line:86]: 查找"<我的计划>按钮"元素，元素定位:('id', 'firstPageAction')
2022-10-10 15:42:13,982 - INFO basePage.py [line:138]: 点击"<我的计划>按钮",元素定位:('id', 'firstPageAction')
2022-10-10 15:42:13,982 - ERROR basePage.py [line:142]: "<我的计划>按钮"点击失败
Traceback (most recent call last):
  File "D:\RiQingUITest\Common\basePage.py", line 140, in click_element
    ele.click()
AttributeError: 'NoneType' object has no attribute 'click'
2022-10-10 15:42:14,151 - INFO conftest.py [line:28]: ==========结束执行测试用例集===========
2022-10-10 15:42:16,281 - INFO conftest.py [line:18]: ==========结束 日清项目 测试===========
