2022-10-10 16:41:51,531 - INFO basePage.py [line:86]: 查找"None"元素，元素定位:('id', 'username')
2022-10-10 16:41:51,551 - INFO basePage.py [line:111]: 在"None"输入"43347",元素定位:('id', 'username')
2022-10-10 16:41:51,732 - INFO basePage.py [line:86]: 查找"None"元素，元素定位:('id', 'password')
2022-10-10 16:41:51,747 - INFO basePage.py [line:111]: 在"None"输入"BW@jason8854",元素定位:('id', 'password')
2022-10-10 16:41:52,884 - INFO basePage.py [line:86]: 查找"None"元素，元素定位:('id', 'submit')
2022-10-10 16:41:52,900 - INFO basePage.py [line:138]: 点击"None",元素定位:('id', 'submit')
2022-10-10 16:41:53,516 - INFO basePage.py [line:86]: 查找"None"元素，元素定位:('id', 'firstPageAction')
2022-10-10 16:41:53,548 - INFO basePage.py [line:138]: 点击"None",元素定位:('id', 'firstPageAction')
2022-10-10 16:41:54,359 - INFO basePage.py [line:182]: iframe 切换操作:None
2022-10-10 16:41:54,930 - INFO basePage.py [line:188]: 切换成功
2022-10-10 16:41:57,934 - INFO basePage.py [line:86]: 查找"None"元素，元素定位:('id', 'insertDayPlan')
2022-10-10 16:41:57,950 - INFO basePage.py [line:138]: 点击"None",元素定位:('id', 'insertDayPlan')
2022-10-10 16:42:01,147 - INFO basePage.py [line:182]: iframe 切换操作:None
2022-10-10 16:42:01,704 - INFO basePage.py [line:188]: 切换成功
2022-10-10 16:42:01,704 - INFO basePage.py [line:86]: 查找"None"元素，元素定位:('xpath', '/html/body/div[2]/div/form/div[2]/div/div')
2022-10-10 16:42:01,741 - INFO basePage.py [line:86]: 查找"None"元素，元素定位:('xpath', '/html/body/div[2]/div/form/div[2]/div/div/dl/dd[text()="实施项目"]')
2022-10-10 16:42:01,765 - INFO basePage.py [line:138]: 点击"None",元素定位:('xpath', '/html/body/div[2]/div/form/div[2]/div/div/dl/dd[text()="实施项目"]')
2022-10-10 16:42:01,997 - INFO basePage.py [line:86]: 查找"None"元素，元素定位:('xpath', '/html/body/div[2]/div/form/div[5]/div/div')
2022-10-10 16:42:02,029 - INFO basePage.py [line:86]: 查找"None"元素，元素定位:('xpath', '/html/body/div[2]/div/form/div[5]/div/div/dl/dd[text()="建设及其他成本"]')
2022-10-10 16:42:02,053 - INFO basePage.py [line:138]: 点击"None",元素定位:('xpath', '/html/body/div[2]/div/form/div[5]/div/div/dl/dd[text()="建设及其他成本"]')
