2022-10-08 16:44:13,143 - INFO conftest.py [line:12]: ==========开始 日清项目 执行测试===========
2022-10-08 16:44:14,743 - INFO conftest.py [line:18]: ==========开始执行测试用例集===========
2022-10-08 16:44:14,743 - INFO conftest.py [line:21]: ----------------------------<selenium.webdriver.chrome.webdriver.WebDriver (session="a8bd118bd9db93e82e18e41adcd7f7da")>
2022-10-08 16:44:15,027 - INFO loginpage.py [line:29]: 【===登录操作===】
2022-10-08 16:44:15,027 - INFO basePage.py [line:51]: 等待"姓名输入框"元素,定位方式:('id', 'username')
2022-10-08 16:44:15,074 - INFO basePage.py [line:56]: 等待"姓名输入框"时长:0:00:00.046651
2022-10-08 16:44:15,074 - INFO basePage.py [line:86]: 查找"姓名输入框"元素，元素定位:('id', 'username')
2022-10-08 16:44:15,100 - INFO basePage.py [line:111]: 在"姓名输入框"输入"43347",元素定位:('id', 'username')
2022-10-08 16:44:15,254 - INFO basePage.py [line:86]: 查找"密码框"元素，元素定位:('id', 'password')
2022-10-08 16:44:15,270 - INFO basePage.py [line:111]: 在"密码框"输入"BW@jason8854",元素定位:('id', 'password')
2022-10-08 16:44:15,390 - INFO basePage.py [line:86]: 查找"点击登录"元素，元素定位:('id', 'submit')
2022-10-08 16:44:15,406 - INFO basePage.py [line:138]: 点击"点击登录",元素定位:('id', 'submit')
2022-10-08 16:44:18,953 - INFO dayplanpage.py [line:38]: 【===添加日清操作===】
2022-10-08 16:44:18,953 - INFO basePage.py [line:86]: 查找"<我的计划>按钮"元素，元素定位:('id', 'firstPageAction')
2022-10-08 16:44:18,969 - INFO basePage.py [line:138]: 点击"<我的计划>按钮",元素定位:('id', 'firstPageAction')
2022-10-08 16:44:19,048 - INFO basePage.py [line:182]: iframe 切换操作:<我的计划iframe>
2022-10-08 16:44:19,599 - INFO basePage.py [line:188]: 切换成功
2022-10-08 16:44:19,599 - INFO basePage.py [line:86]: 查找"添加按钮"元素，元素定位:('id', 'insertDayPlan')
2022-10-08 16:44:19,614 - INFO basePage.py [line:138]: 点击"添加按钮",元素定位:('id', 'insertDayPlan')
2022-10-08 16:44:22,739 - INFO basePage.py [line:182]: iframe 切换操作:切换添加框iframe
2022-10-08 16:44:23,292 - INFO basePage.py [line:188]: 切换成功
2022-10-08 16:44:23,292 - INFO basePage.py [line:86]: 查找"None"元素，元素定位:('xpath', '/html/body/div[2]/div/form/div[1]/div/div')
2022-10-08 16:44:23,329 - INFO basePage.py [line:86]: 查找"选择常用小类"元素，元素定位:('xpath', '/html/body/div[2]/div/form/div[1]/div/div/dl/dd[1]')
2022-10-08 16:44:23,359 - INFO basePage.py [line:138]: 点击"选择常用小类",元素定位:('xpath', '/html/body/div[2]/div/form/div[1]/div/div/dl/dd[1]')
2022-10-08 16:44:23,469 - INFO basePage.py [line:86]: 查找"None"元素，元素定位:('xpath', '/html/body/div[2]/div/form/div[5]/div/div')
2022-10-08 16:44:23,493 - INFO basePage.py [line:86]: 查找"建设成本类型"元素，元素定位:('xpath', '/html/body/div[2]/div/form/div[5]/div/div/dl/dd[text()="建设及其他成本"]')
2022-10-08 16:44:23,511 - INFO basePage.py [line:138]: 点击"建设成本类型",元素定位:('xpath', '/html/body/div[2]/div/form/div[5]/div/div/dl/dd[text()="建设及其他成本"]')
2022-10-08 16:44:23,602 - INFO basePage.py [line:86]: 查找"提交成功"元素，元素定位:('id', 'saveSumDayPlan')
2022-10-08 16:44:23,627 - INFO basePage.py [line:138]: 点击"提交成功",元素定位:('id', 'saveSumDayPlan')
2022-10-08 16:44:23,830 - INFO basePage.py [line:86]: 查找"获取消息提示框信息"元素，元素定位:('xpath', '//*[@id="layui-layer2"]/div')
2022-10-08 16:44:23,854 - INFO basePage.py [line:152]: 获取"获取消息提示框信息"元素文本内容，元素定位:('xpath', '//*[@id="layui-layer2"]/div')
2022-10-08 16:44:23,878 - INFO basePage.py [line:155]: 获取"获取消息提示框信息"元素文本内容为"提交成功",元素定位:('xpath', '//*[@id="layui-layer2"]/div')
2022-10-08 16:44:23,886 - INFO conftest.py [line:26]: ==========结束执行测试用例集===========
2022-10-08 16:44:26,254 - INFO conftest.py [line:19]: ==========结束 日清项目 测试===========
