2022-10-08 15:56:18,036 - INFO conftest.py [line:12]: ==========开始 日清项目 执行测试===========
2022-10-08 15:56:19,866 - INFO conftest.py [line:18]: ==========开始执行测试用例集===========
2022-10-08 15:56:19,866 - INFO conftest.py [line:21]: ----------------------------<selenium.webdriver.chrome.webdriver.WebDriver (session="49053e1593059a49889efa7a93bc323e")>
2022-10-08 15:56:20,259 - INFO loginpage.py [line:29]: 【===登录操作===】
2022-10-08 15:56:20,259 - INFO basePage.py [line:51]: 等待"姓名输入框"元素,定位方式:('id', 'username')
2022-10-08 15:56:20,306 - INFO basePage.py [line:56]: 等待"姓名输入框"时长:0:00:00.046674
2022-10-08 15:56:20,306 - INFO basePage.py [line:86]: 查找"姓名输入框"元素，元素定位:('id', 'username')
2022-10-08 15:56:20,322 - INFO basePage.py [line:111]: 在"姓名输入框"输入"43347",元素定位:('id', 'username')
2022-10-08 15:56:20,465 - INFO basePage.py [line:86]: 查找"密码框"元素，元素定位:('id', 'password')
2022-10-08 15:56:20,481 - INFO basePage.py [line:111]: 在"密码框"输入"BW@jason8854",元素定位:('id', 'password')
2022-10-08 15:56:20,569 - INFO basePage.py [line:86]: 查找"点击登录"元素，元素定位:('id', 'submit')
2022-10-08 15:56:20,585 - INFO basePage.py [line:138]: 点击"点击登录",元素定位:('id', 'submit')
2022-10-08 15:56:24,248 - INFO dayplanpage.py [line:38]: 【===添加日清操作===】
2022-10-08 15:56:24,248 - INFO basePage.py [line:86]: 查找"<我的计划>按钮"元素，元素定位:('id', 'firstPageAction')
2022-10-08 15:56:24,263 - INFO basePage.py [line:138]: 点击"<我的计划>按钮",元素定位:('id', 'firstPageAction')
2022-10-08 15:56:24,316 - INFO basePage.py [line:182]: iframe 切换操作:
2022-10-08 15:56:24,860 - INFO basePage.py [line:188]: 切换成功
2022-10-08 15:56:24,860 - INFO basePage.py [line:86]: 查找"添加按钮"元素，元素定位:('id', 'insertDayPlan')
2022-10-08 15:56:24,875 - INFO basePage.py [line:138]: 点击"添加按钮",元素定位:('id', 'insertDayPlan')
2022-10-08 15:56:28,003 - INFO basePage.py [line:182]: iframe 切换操作:
2022-10-08 15:56:28,545 - INFO basePage.py [line:188]: 切换成功
2022-10-08 15:56:28,733 - INFO conftest.py [line:26]: ==========结束执行测试用例集===========
2022-10-08 15:56:31,087 - INFO conftest.py [line:19]: ==========结束 日清项目 测试===========
