2022-10-08 16:29:32,087 - INFO conftest.py [line:12]: ==========开始 日清项目 执行测试===========
2022-10-08 16:29:33,909 - INFO conftest.py [line:18]: ==========开始执行测试用例集===========
2022-10-08 16:29:33,909 - INFO conftest.py [line:21]: ----------------------------<selenium.webdriver.chrome.webdriver.WebDriver (session="589103f0639ca570496ff298cd4da2a5")>
2022-10-08 16:29:34,200 - INFO loginpage.py [line:29]: 【===登录操作===】
2022-10-08 16:29:34,200 - INFO basePage.py [line:51]: 等待"姓名输入框"元素,定位方式:('id', 'username')
2022-10-08 16:29:34,247 - INFO basePage.py [line:56]: 等待"姓名输入框"时长:0:00:00.046863
2022-10-08 16:29:34,247 - INFO basePage.py [line:86]: 查找"姓名输入框"元素，元素定位:('id', 'username')
2022-10-08 16:29:34,255 - INFO basePage.py [line:111]: 在"姓名输入框"输入"43347",元素定位:('id', 'username')
2022-10-08 16:29:34,423 - INFO basePage.py [line:86]: 查找"密码框"元素，元素定位:('id', 'password')
2022-10-08 16:29:34,439 - INFO basePage.py [line:111]: 在"密码框"输入"BW@jason8854",元素定位:('id', 'password')
2022-10-08 16:29:34,551 - INFO basePage.py [line:86]: 查找"点击登录"元素，元素定位:('id', 'submit')
2022-10-08 16:29:34,567 - INFO basePage.py [line:138]: 点击"点击登录",元素定位:('id', 'submit')
2022-10-08 16:29:38,074 - INFO dayplanpage.py [line:38]: 【===添加日清操作===】
2022-10-08 16:29:38,074 - INFO basePage.py [line:86]: 查找"<我的计划>按钮"元素，元素定位:('id', 'firstPageAction')
2022-10-08 16:29:38,089 - INFO basePage.py [line:138]: 点击"<我的计划>按钮",元素定位:('id', 'firstPageAction')
2022-10-08 16:29:38,184 - INFO basePage.py [line:182]: iframe 切换操作:<我的计划iframe>
2022-10-08 16:29:38,743 - INFO basePage.py [line:188]: 切换成功
2022-10-08 16:29:38,743 - INFO basePage.py [line:86]: 查找"添加按钮"元素，元素定位:('id', 'insertDayPlan')
2022-10-08 16:29:38,759 - INFO basePage.py [line:138]: 点击"添加按钮",元素定位:('id', 'insertDayPlan')
2022-10-08 16:29:41,930 - INFO basePage.py [line:182]: iframe 切换操作:切换添加框iframe
2022-10-08 16:29:42,485 - INFO basePage.py [line:188]: 切换成功
2022-10-08 16:29:42,485 - INFO basePage.py [line:86]: 查找"None"元素，元素定位:('xpath', '/html/body/div[2]/div/form/div[1]/div/div')
2022-10-08 16:29:42,524 - INFO basePage.py [line:86]: 查找"选择常用小类"元素，元素定位:('xpath', '/html/body/div[2]/div/form/div[1]/div/div/dl/dd[1]')
2022-10-08 16:29:42,548 - INFO basePage.py [line:138]: 点击"选择常用小类",元素定位:('xpath', '/html/body/div[2]/div/form/div[1]/div/div/dl/dd[1]')
2022-10-08 16:29:42,701 - INFO basePage.py [line:86]: 查找"None"元素，元素定位:('xpath', '/html/body/div[2]/div/form/div[5]/div/div')
2022-10-08 16:29:42,743 - INFO basePage.py [line:86]: 查找"建设成本类型"元素，元素定位:('xpath', '/html/body/div[2]/div/form/div[5]/div/div/dl/dd[text()="建设及其他成本"]')
2022-10-08 16:29:42,769 - INFO basePage.py [line:138]: 点击"建设成本类型",元素定位:('xpath', '/html/body/div[2]/div/form/div[5]/div/div/dl/dd[text()="建设及其他成本"]')
2022-10-08 16:29:42,910 - INFO basePage.py [line:86]: 查找"提交按钮"元素，元素定位:('id', 'saveSumDayPlan')
2022-10-08 16:29:42,934 - INFO basePage.py [line:138]: 点击"提交按钮",元素定位:('id', 'saveSumDayPlan')
2022-10-08 16:29:43,167 - INFO basePage.py [line:86]: 查找"获取消息提示框信息"元素，元素定位:('xpath', '//*[@id="layui-layer2"]/div')
2022-10-08 16:29:43,191 - INFO basePage.py [line:152]: 获取"获取消息提示框信息"元素文本内容，元素定位:('xpath', '//*[@id="layui-layer2"]/div')
2022-10-08 16:29:43,215 - INFO basePage.py [line:155]: 获取"获取消息提示框信息"元素文本内容为"提交成功",元素定位:('xpath', '//*[@id="layui-layer2"]/div')
2022-10-08 16:29:43,279 - INFO conftest.py [line:26]: ==========结束执行测试用例集===========
2022-10-08 16:29:45,619 - INFO conftest.py [line:19]: ==========结束 日清项目 测试===========
