2022-10-08 19:52:26,393 - INFO conftest.py [line:12]: ==========开始 日清项目 执行测试===========
2022-10-08 19:52:28,141 - INFO conftest.py [line:18]: ==========开始执行测试用例集===========
2022-10-08 19:52:28,141 - INFO conftest.py [line:21]: ----------------------------<selenium.webdriver.chrome.webdriver.WebDriver (session="56941e6c6df284e8e0855cb55fede491")>
2022-10-08 19:52:28,680 - INFO loginpage.py [line:29]: 【===登录操作===】
2022-10-08 19:52:28,680 - INFO basePage.py [line:51]: 等待"姓名输入框"元素,定位方式:('id', 'username')
2022-10-08 19:52:28,737 - INFO basePage.py [line:56]: 等待"姓名输入框"时长:0:00:00.056976
2022-10-08 19:52:28,752 - INFO basePage.py [line:86]: 查找"姓名输入框"元素，元素定位:('id', 'username')
2022-10-08 19:52:28,768 - INFO basePage.py [line:111]: 在"姓名输入框"输入"43347",元素定位:('id', 'username')
2022-10-08 19:52:28,944 - INFO basePage.py [line:86]: 查找"密码框"元素，元素定位:('id', 'password')
2022-10-08 19:52:28,960 - INFO basePage.py [line:111]: 在"密码框"输入"BW@jason8854",元素定位:('id', 'password')
2022-10-08 19:52:29,100 - INFO basePage.py [line:86]: 查找"点击登录"元素，元素定位:('id', 'submit')
2022-10-08 19:52:29,124 - INFO basePage.py [line:138]: 点击"点击登录",元素定位:('id', 'submit')
2022-10-08 19:52:32,962 - INFO dayplanpage.py [line:38]: 【===添加日清操作===】
2022-10-08 19:52:32,962 - INFO basePage.py [line:86]: 查找"<我的计划>按钮"元素，元素定位:('id', 'firstPageAction')
2022-10-08 19:52:32,978 - INFO basePage.py [line:138]: 点击"<我的计划>按钮",元素定位:('id', 'firstPageAction')
2022-10-08 19:52:33,040 - INFO basePage.py [line:182]: iframe 切换操作:<我的计划iframe>
2022-10-08 19:52:33,598 - INFO basePage.py [line:188]: 切换成功
2022-10-08 19:52:33,599 - INFO basePage.py [line:86]: 查找"添加按钮"元素，元素定位:('id', 'insertDayPlan')
2022-10-08 19:52:33,615 - INFO basePage.py [line:138]: 点击"添加按钮",元素定位:('id', 'insertDayPlan')
2022-10-08 19:52:36,767 - INFO basePage.py [line:182]: iframe 切换操作:切换添加框iframe
2022-10-08 19:52:37,313 - INFO basePage.py [line:188]: 切换成功
2022-10-08 19:52:37,313 - INFO basePage.py [line:86]: 查找"None"元素，元素定位:('xpath', '/html/body/div[2]/div/form/div[1]/div/div')
2022-10-08 19:52:37,349 - INFO basePage.py [line:86]: 查找"选择常用小类"元素，元素定位:('xpath', '/html/body/div[2]/div/form/div[1]/div/div/dl/dd[1]')
2022-10-08 19:52:37,377 - INFO basePage.py [line:138]: 点击"选择常用小类",元素定位:('xpath', '/html/body/div[2]/div/form/div[1]/div/div/dl/dd[1]')
2022-10-08 19:52:37,493 - INFO basePage.py [line:86]: 查找"None"元素，元素定位:('xpath', '/html/body/div[2]/div/form/div[5]/div/div')
2022-10-08 19:52:37,517 - INFO basePage.py [line:86]: 查找"建设成本类型"元素，元素定位:('xpath', '/html/body/div[2]/div/form/div[5]/div/div/dl/dd[text()="建设及其他成本"]')
2022-10-08 19:52:37,536 - INFO basePage.py [line:138]: 点击"建设成本类型",元素定位:('xpath', '/html/body/div[2]/div/form/div[5]/div/div/dl/dd[text()="建设及其他成本"]')
2022-10-08 19:52:37,620 - INFO basePage.py [line:86]: 查找"提交成功"元素，元素定位:('id', 'saveSumDayPlan')
2022-10-08 19:52:37,636 - INFO basePage.py [line:138]: 点击"提交成功",元素定位:('id', 'saveSumDayPlan')
2022-10-08 19:52:37,887 - INFO basePage.py [line:86]: 查找"获取消息提示框信息"元素，元素定位:('xpath', '//*[@id="layui-layer2"]/div')
2022-10-08 19:52:37,912 - INFO basePage.py [line:152]: 获取"获取消息提示框信息"元素文本内容，元素定位:('xpath', '//*[@id="layui-layer2"]/div')
2022-10-08 19:52:37,936 - INFO basePage.py [line:155]: 获取"获取消息提示框信息"元素文本内容为"提交成功",元素定位:('xpath', '//*[@id="layui-layer2"]/div')
2022-10-08 19:52:37,936 - INFO conftest.py [line:26]: ==========结束执行测试用例集===========
2022-10-08 19:52:40,301 - INFO conftest.py [line:18]: ==========结束 日清项目 测试===========
