2022-10-08 16:14:24,411 - INFO basePage.py [line:86]: 查找"None"元素，元素定位:('id', 'username')
2022-10-08 16:14:24,427 - INFO basePage.py [line:111]: 在"None"输入"43347",元素定位:('id', 'username')
2022-10-08 16:14:24,575 - INFO basePage.py [line:86]: 查找"None"元素，元素定位:('id', 'password')
2022-10-08 16:14:24,593 - INFO basePage.py [line:111]: 在"None"输入"BW@jason8854",元素定位:('id', 'password')
2022-10-08 16:14:25,684 - INFO basePage.py [line:86]: 查找"None"元素，元素定位:('id', 'submit')
2022-10-08 16:14:25,700 - INFO basePage.py [line:138]: 点击"None",元素定位:('id', 'submit')
2022-10-08 16:14:26,262 - INFO basePage.py [line:86]: 查找"None"元素，元素定位:('id', 'firstPageAction')
2022-10-08 16:14:26,286 - INFO basePage.py [line:138]: 点击"None",元素定位:('id', 'firstPageAction')
2022-10-08 16:14:27,070 - INFO basePage.py [line:182]: iframe 切换操作:None
2022-10-08 16:14:27,646 - INFO basePage.py [line:188]: 切换成功
2022-10-08 16:14:30,659 - INFO basePage.py [line:86]: 查找"None"元素，元素定位:('id', 'insertDayPlan')
2022-10-08 16:14:30,659 - INFO basePage.py [line:138]: 点击"None",元素定位:('id', 'insertDayPlan')
2022-10-08 16:14:33,806 - INFO basePage.py [line:182]: iframe 切换操作:None
2022-10-08 16:14:34,364 - INFO basePage.py [line:188]: 切换成功
2022-10-08 16:14:34,364 - INFO basePage.py [line:86]: 查找"None"元素，元素定位:('xpath', '/html/body/div[2]/div/form/div[1]/div/div')
2022-10-08 16:14:34,394 - INFO basePage.py [line:86]: 查找"None"元素，元素定位:('xpath', '/html/body/div[2]/div/form/div[1]/div/div/dl/dd[text()="内控建设"]')
2022-10-08 16:14:34,426 - INFO basePage.py [line:138]: 点击"None",元素定位:('xpath', '/html/body/div[2]/div/form/div[1]/div/div/dl/dd[text()="内控建设"]')
2022-10-08 16:14:34,755 - INFO basePage.py [line:86]: 查找"None"元素，元素定位:('xpath', '/html/body/div[2]/div/form/div[5]/div/div')
2022-10-08 16:14:34,787 - INFO basePage.py [line:86]: 查找"None"元素，元素定位:('xpath', '/html/body/div[2]/div/form/div[5]/div/div/dl/dd[text()="建设及其他成本"]')
2022-10-08 16:14:34,809 - INFO basePage.py [line:138]: 点击"None",元素定位:('xpath', '/html/body/div[2]/div/form/div[5]/div/div/dl/dd[text()="建设及其他成本"]')
2022-10-08 16:14:34,946 - INFO basePage.py [line:86]: 查找"None"元素，元素定位:('id', 'saveSumDayPlan')
2022-10-08 16:14:34,970 - INFO basePage.py [line:138]: 点击"None",元素定位:('id', 'saveSumDayPlan')
2022-10-08 16:14:40,245 - INFO basePage.py [line:86]: 查找"None"元素，元素定位:('xpath', '//*[@id="layui-layer2"]/div')
2022-10-08 16:15:10,282 - ERROR basePage.py [line:90]: 查找"None"元素失败,定位方式:('xpath', '//*[@id="layui-layer2"]/div')
Traceback (most recent call last):
  File "D:\RiQingUITest\Common\basePage.py", line 88, in find_element
    return self.driver.find_element(*loc)
  File "E:\IT_Application\Python\python\lib\site-packages\selenium\webdriver\remote\webdriver.py", line 857, in find_element
    'value': value})['value']
  File "E:\IT_Application\Python\python\lib\site-packages\selenium\webdriver\remote\webdriver.py", line 428, in execute
    self.error_handler.check_response(response)
  File "E:\IT_Application\Python\python\lib\site-packages\selenium\webdriver\remote\errorhandler.py", line 243, in check_response
    raise exception_class(message, screen, stacktrace)
selenium.common.exceptions.NoSuchElementException: Message: no such element: Unable to locate element: {"method":"xpath","selector":"//*[@id="layui-layer2"]/div"}
  (Session info: chrome=106.0.5249.62)
Stacktrace:
Backtrace:
	Ordinal0 [0x0089DF13+2219795]
	Ordinal0 [0x00832841+1779777]
	Ordinal0 [0x0074423D+803389]
	Ordinal0 [0x00773025+995365]
	Ordinal0 [0x007731EB+995819]
	Ordinal0 [0x007A0F52+1183570]
	Ordinal0 [0x0078E844+1108036]
	Ordinal0 [0x0079F192+1175954]
	Ordinal0 [0x0078E616+1107478]
	Ordinal0 [0x00767F89+950153]
	Ordinal0 [0x00768F56+954198]
	GetHandleVerifier [0x00B92CB2+3040210]
	GetHandleVerifier [0x00B82BB4+2974420]
	GetHandleVerifier [0x00936A0A+565546]
	GetHandleVerifier [0x00935680+560544]
	Ordinal0 [0x00839A5C+1808988]
	Ordinal0 [0x0083E3A8+1827752]
	Ordinal0 [0x0083E495+1827989]
	Ordinal0 [0x008480A4+1867940]
	BaseThreadInitThunk [0x775FFA29+25]
	RtlGetAppContainerNamedObjectPath [0x777E7B5E+286]
	RtlGetAppContainerNamedObjectPath [0x777E7B2E+238]

