2022-10-08 16:06:28,940 - INFO conftest.py [line:12]: ==========开始 日清项目 执行测试===========
2022-10-08 16:06:30,627 - INFO conftest.py [line:18]: ==========开始执行测试用例集===========
2022-10-08 16:06:30,627 - INFO conftest.py [line:21]: ----------------------------<selenium.webdriver.chrome.webdriver.WebDriver (session="5b139e5b561bade1f9bedffb59210805")>
2022-10-08 16:06:30,914 - INFO loginpage.py [line:29]: 【===登录操作===】
2022-10-08 16:06:30,914 - INFO basePage.py [line:51]: 等待"姓名输入框"元素,定位方式:('id', 'username')
2022-10-08 16:06:30,970 - INFO basePage.py [line:56]: 等待"姓名输入框"时长:0:00:00.055208
2022-10-08 16:06:30,970 - INFO basePage.py [line:86]: 查找"姓名输入框"元素，元素定位:('id', 'username')
2022-10-08 16:06:30,986 - INFO basePage.py [line:111]: 在"姓名输入框"输入"43347",元素定位:('id', 'username')
2022-10-08 16:06:31,122 - INFO basePage.py [line:86]: 查找"密码框"元素，元素定位:('id', 'password')
2022-10-08 16:06:31,130 - INFO basePage.py [line:111]: 在"密码框"输入"BW@jason8854",元素定位:('id', 'password')
2022-10-08 16:06:31,218 - INFO basePage.py [line:86]: 查找"点击登录"元素，元素定位:('id', 'submit')
2022-10-08 16:06:31,234 - INFO basePage.py [line:138]: 点击"点击登录",元素定位:('id', 'submit')
2022-10-08 16:06:34,720 - INFO dayplanpage.py [line:38]: 【===添加日清操作===】
2022-10-08 16:06:34,720 - INFO basePage.py [line:86]: 查找"<我的计划>按钮"元素，元素定位:('id', 'firstPageAction')
2022-10-08 16:06:34,736 - INFO basePage.py [line:138]: 点击"<我的计划>按钮",元素定位:('id', 'firstPageAction')
2022-10-08 16:06:34,800 - INFO basePage.py [line:182]: iframe 切换操作:<我的计划iframe>
2022-10-08 16:06:35,341 - INFO basePage.py [line:188]: 切换成功
2022-10-08 16:06:35,341 - INFO basePage.py [line:86]: 查找"添加按钮"元素，元素定位:('id', 'insertDayPlan')
2022-10-08 16:06:35,356 - INFO basePage.py [line:138]: 点击"添加按钮",元素定位:('id', 'insertDayPlan')
2022-10-08 16:06:38,516 - INFO basePage.py [line:182]: iframe 切换操作:切换添加框iframe
2022-10-08 16:06:39,063 - INFO basePage.py [line:188]: 切换成功
2022-10-08 16:06:39,235 - INFO conftest.py [line:26]: ==========结束执行测试用例集===========
2022-10-08 16:06:41,620 - INFO conftest.py [line:19]: ==========结束 日清项目 测试===========
