2022-10-08 16:11:07,855 - INFO conftest.py [line:12]: ==========开始 日清项目 执行测试===========
2022-10-08 16:11:09,404 - INFO conftest.py [line:18]: ==========开始执行测试用例集===========
2022-10-08 16:11:09,404 - INFO conftest.py [line:21]: ----------------------------<selenium.webdriver.chrome.webdriver.WebDriver (session="66d5afba4eceb5b826f3b958adcbf0d4")>
2022-10-08 16:11:09,722 - INFO loginpage.py [line:29]: 【===登录操作===】
2022-10-08 16:11:09,722 - INFO basePage.py [line:51]: 等待"姓名输入框"元素,定位方式:('id', 'username')
2022-10-08 16:11:09,764 - INFO basePage.py [line:56]: 等待"姓名输入框"时长:0:00:00.042477
2022-10-08 16:11:09,764 - INFO basePage.py [line:86]: 查找"姓名输入框"元素，元素定位:('id', 'username')
2022-10-08 16:11:09,780 - INFO basePage.py [line:111]: 在"姓名输入框"输入"43347",元素定位:('id', 'username')
2022-10-08 16:11:09,920 - INFO basePage.py [line:86]: 查找"密码框"元素，元素定位:('id', 'password')
2022-10-08 16:11:09,936 - INFO basePage.py [line:111]: 在"密码框"输入"BW@jason8854",元素定位:('id', 'password')
2022-10-08 16:11:10,016 - INFO basePage.py [line:86]: 查找"点击登录"元素，元素定位:('id', 'submit')
2022-10-08 16:11:10,032 - INFO basePage.py [line:138]: 点击"点击登录",元素定位:('id', 'submit')
2022-10-08 16:11:13,347 - INFO dayplanpage.py [line:38]: 【===添加日清操作===】
2022-10-08 16:11:13,347 - INFO basePage.py [line:86]: 查找"<我的计划>按钮"元素，元素定位:('id', 'firstPageAction')
2022-10-08 16:11:13,363 - INFO basePage.py [line:138]: 点击"<我的计划>按钮",元素定位:('id', 'firstPageAction')
2022-10-08 16:11:13,436 - INFO basePage.py [line:182]: iframe 切换操作:<我的计划iframe>
2022-10-08 16:11:14,007 - INFO basePage.py [line:188]: 切换成功
2022-10-08 16:11:14,007 - INFO basePage.py [line:86]: 查找"添加按钮"元素，元素定位:('id', 'insertDayPlan')
2022-10-08 16:11:14,023 - INFO basePage.py [line:138]: 点击"添加按钮",元素定位:('id', 'insertDayPlan')
2022-10-08 16:11:17,188 - INFO basePage.py [line:182]: iframe 切换操作:切换添加框iframe
2022-10-08 16:11:17,735 - INFO basePage.py [line:188]: 切换成功
2022-10-08 16:11:17,735 - INFO basePage.py [line:86]: 查找"None"元素，元素定位:('xpath', '/html/body/div[2]/div/form/div[1]/div/div/dl/dd[1]')
2022-10-08 16:11:17,766 - INFO basePage.py [line:86]: 查找"选择常用小类"元素，元素定位:('xpath', '/html/body/div[2]/div/form/div[1]/div/div/dl/dd[1]')
2022-10-08 16:11:17,782 - INFO basePage.py [line:138]: 点击"选择常用小类",元素定位:('xpath', '/html/body/div[2]/div/form/div[1]/div/div/dl/dd[1]')
2022-10-08 16:11:47,811 - ERROR basePage.py [line:142]: "选择常用小类"点击失败
Traceback (most recent call last):
  File "D:\RiQingUITest\Common\basePage.py", line 140, in click_element
    ele.click()
  File "E:\IT_Application\Python\python\lib\site-packages\selenium\webdriver\remote\webelement.py", line 88, in click
    self._execute(Command.CLICK_ELEMENT)
  File "E:\IT_Application\Python\python\lib\site-packages\selenium\webdriver\remote\webelement.py", line 396, in _execute
    return self._parent.execute(command, params)
  File "E:\IT_Application\Python\python\lib\site-packages\selenium\webdriver\remote\webdriver.py", line 428, in execute
    self.error_handler.check_response(response)
  File "E:\IT_Application\Python\python\lib\site-packages\selenium\webdriver\remote\errorhandler.py", line 243, in check_response
    raise exception_class(message, screen, stacktrace)
selenium.common.exceptions.ElementNotInteractableException: Message: element not interactable
  (Session info: chrome=106.0.5249.62)
Stacktrace:
Backtrace:
	Ordinal0 [0x0089DF13+2219795]
	Ordinal0 [0x00832841+1779777]
	Ordinal0 [0x00744100+803072]
	Ordinal0 [0x00773FB6+999350]
	Ordinal0 [0x00769B76+957302]
	Ordinal0 [0x0078E7FC+1107964]
	Ordinal0 [0x007694B4+955572]
	Ordinal0 [0x0078EA14+1108500]
	Ordinal0 [0x0079F192+1175954]
	Ordinal0 [0x0078E616+1107478]
	Ordinal0 [0x00767F89+950153]
	Ordinal0 [0x00768F56+954198]
	GetHandleVerifier [0x00B92CB2+3040210]
	GetHandleVerifier [0x00B82BB4+2974420]
	GetHandleVerifier [0x00936A0A+565546]
	GetHandleVerifier [0x00935680+560544]
	Ordinal0 [0x00839A5C+1808988]
	Ordinal0 [0x0083E3A8+1827752]
	Ordinal0 [0x0083E495+1827989]
	Ordinal0 [0x008480A4+1867940]
	BaseThreadInitThunk [0x775FFA29+25]
	RtlGetAppContainerNamedObjectPath [0x777E7B5E+286]
	RtlGetAppContainerNamedObjectPath [0x777E7B2E+238]

2022-10-08 16:11:48,046 - INFO conftest.py [line:26]: ==========结束执行测试用例集===========
2022-10-08 16:11:50,333 - INFO conftest.py [line:19]: ==========结束 日清项目 测试===========
