2022-10-08 16:03:33,221 - INFO conftest.py [line:12]: ==========开始 日清项目 执行测试===========
2022-10-08 16:03:34,890 - INFO conftest.py [line:18]: ==========开始执行测试用例集===========
2022-10-08 16:03:34,890 - INFO conftest.py [line:21]: ----------------------------<selenium.webdriver.chrome.webdriver.WebDriver (session="274ab2e3f56c3569abd947d9baa8ed9e")>
2022-10-08 16:03:35,215 - INFO loginpage.py [line:29]: 【===登录操作===】
2022-10-08 16:03:35,215 - INFO basePage.py [line:51]: 等待"姓名输入框"元素,定位方式:('id', 'username')
2022-10-08 16:03:35,270 - INFO basePage.py [line:56]: 等待"姓名输入框"时长:0:00:00.055118
2022-10-08 16:03:35,270 - INFO basePage.py [line:86]: 查找"姓名输入框"元素，元素定位:('id', 'username')
2022-10-08 16:03:35,286 - INFO basePage.py [line:111]: 在"姓名输入框"输入"43347",元素定位:('id', 'username')
2022-10-08 16:03:35,479 - INFO basePage.py [line:86]: 查找"密码框"元素，元素定位:('id', 'password')
2022-10-08 16:03:35,497 - INFO basePage.py [line:111]: 在"密码框"输入"BW@jason8854",元素定位:('id', 'password')
2022-10-08 16:03:35,617 - INFO basePage.py [line:86]: 查找"点击登录"元素，元素定位:('id', 'submit')
2022-10-08 16:03:35,633 - INFO basePage.py [line:138]: 点击"点击登录",元素定位:('id', 'submit')
2022-10-08 16:03:39,138 - INFO dayplanpage.py [line:38]: 【===添加日清操作===】
2022-10-08 16:03:39,138 - INFO basePage.py [line:86]: 查找"<我的计划>按钮"元素，元素定位:('id', 'firstPageAction')
2022-10-08 16:03:39,185 - INFO basePage.py [line:138]: 点击"<我的计划>按钮",元素定位:('id', 'firstPageAction')
2022-10-08 16:03:39,240 - INFO basePage.py [line:182]: iframe 切换操作:
2022-10-08 16:03:39,781 - INFO basePage.py [line:188]: 切换成功
2022-10-08 16:03:39,781 - INFO basePage.py [line:86]: 查找"添加按钮"元素，元素定位:('id', 'insertDayPlan')
2022-10-08 16:03:39,797 - INFO basePage.py [line:138]: 点击"添加按钮",元素定位:('id', 'insertDayPlan')
2022-10-08 16:03:42,959 - INFO basePage.py [line:182]: iframe 切换操作:
2022-10-08 16:03:43,514 - INFO basePage.py [line:188]: 切换成功
2022-10-08 16:03:43,654 - INFO conftest.py [line:26]: ==========结束执行测试用例集===========
2022-10-08 16:03:46,053 - INFO conftest.py [line:19]: ==========结束 日清项目 测试===========
