2022-10-09 09:11:22,448 - INFO conftest.py [line:12]: ==========开始 日清项目 执行测试===========
2022-10-09 09:11:24,075 - INFO conftest.py [line:18]: ==========开始执行测试用例集===========
2022-10-09 09:11:24,075 - INFO conftest.py [line:19]: ----------前置操作：登录日清系统-----------
2022-10-09 09:11:24,075 - INFO conftest.py [line:22]: ---<selenium.webdriver.chrome.webdriver.WebDriver (session="e6ba0b6f0aa8014089881e6e887d5071")>
2022-10-09 09:11:24,319 - INFO loginpage.py [line:29]: 【===登录操作===】
2022-10-09 09:11:24,319 - INFO basePage.py [line:51]: 等待"姓名输入框"元素,定位方式:('id', 'username')
2022-10-09 09:11:24,362 - INFO basePage.py [line:56]: 等待"姓名输入框"时长:0:00:00.043353
2022-10-09 09:11:24,362 - INFO basePage.py [line:86]: 查找"姓名输入框"元素，元素定位:('id', 'username')
2022-10-09 09:11:24,378 - INFO basePage.py [line:111]: 在"姓名输入框"输入"43347",元素定位:('id', 'username')
2022-10-09 09:11:24,512 - INFO basePage.py [line:86]: 查找"密码框"元素，元素定位:('id', 'password')
2022-10-09 09:11:24,536 - INFO basePage.py [line:111]: 在"密码框"输入"BW@jason8854",元素定位:('id', 'password')
2022-10-09 09:11:24,672 - INFO basePage.py [line:86]: 查找"点击登录"元素，元素定位:('id', 'submit')
2022-10-09 09:11:24,688 - INFO basePage.py [line:138]: 点击"点击登录",元素定位:('id', 'submit')
2022-10-09 09:11:28,218 - INFO conftest.py [line:26]: ----------前置操作完成：登录日清系统-----------
2022-10-09 09:11:28,218 - INFO dayplanpage.py [line:42]: 【===添加日清操作===】
2022-10-09 09:11:28,218 - INFO basePage.py [line:86]: 查找"<我的计划>按钮"元素，元素定位:('id', 'firstPageAction')
2022-10-09 09:11:28,234 - INFO basePage.py [line:138]: 点击"<我的计划>按钮",元素定位:('id', 'firstPageAction')
2022-10-09 09:11:28,324 - INFO basePage.py [line:182]: iframe 切换操作:<我的计划iframe>
2022-10-09 09:11:28,874 - INFO basePage.py [line:188]: 切换成功
2022-10-09 09:11:28,877 - INFO basePage.py [line:86]: 查找"添加按钮"元素，元素定位:('id', 'insertDayPlan')
2022-10-09 09:11:28,884 - INFO basePage.py [line:138]: 点击"添加按钮",元素定位:('id', 'insertDayPlan')
2022-10-09 09:11:32,036 - INFO basePage.py [line:182]: iframe 切换操作:切换添加框iframe
2022-10-09 09:11:32,590 - INFO basePage.py [line:188]: 切换成功
2022-10-09 09:11:32,590 - INFO basePage.py [line:86]: 查找"None"元素，元素定位:('xpath', '/html/body/div[2]/div/form/div[1]/div/div')
2022-10-09 09:11:32,630 - INFO basePage.py [line:86]: 查找"选择常用小类"元素，元素定位:('xpath', '/html/body/div[2]/div/form/div[1]/div/div/dl/dd[1]')
2022-10-09 09:11:32,660 - INFO basePage.py [line:138]: 点击"选择常用小类",元素定位:('xpath', '/html/body/div[2]/div/form/div[1]/div/div/dl/dd[1]')
2022-10-09 09:11:32,790 - INFO basePage.py [line:86]: 查找"None"元素，元素定位:('xpath', '/html/body/div[2]/div/form/div[5]/div/div')
2022-10-09 09:11:32,820 - INFO basePage.py [line:86]: 查找"建设成本类型"元素，元素定位:('xpath', '/html/body/div[2]/div/form/div[5]/div/div/dl/dd[text()="建设及其他成本"]')
2022-10-09 09:11:32,840 - INFO basePage.py [line:138]: 点击"建设成本类型",元素定位:('xpath', '/html/body/div[2]/div/form/div[5]/div/div/dl/dd[text()="建设及其他成本"]')
2022-10-09 09:11:32,940 - INFO basePage.py [line:86]: 查找"提交成功"元素，元素定位:('id', 'saveSumDayPlan')
2022-10-09 09:11:32,955 - INFO basePage.py [line:138]: 点击"提交成功",元素定位:('id', 'saveSumDayPlan')
2022-10-09 09:11:33,140 - INFO basePage.py [line:86]: 查找"获取消息提示框信息"元素，元素定位:('xpath', '//*[@id="layui-layer2"]/div')
2022-10-09 09:11:33,170 - INFO basePage.py [line:152]: 获取"获取消息提示框信息"元素文本内容，元素定位:('xpath', '//*[@id="layui-layer2"]/div')
2022-10-09 09:11:33,191 - INFO basePage.py [line:155]: 获取"获取消息提示框信息"元素文本内容为"提交成功",元素定位:('xpath', '//*[@id="layui-layer2"]/div')
2022-10-09 09:11:33,200 - INFO conftest.py [line:28]: ==========结束执行测试用例集===========
2022-10-09 09:11:35,600 - INFO conftest.py [line:18]: ==========结束 日清项目 测试===========
