2022-10-09 10:09:27,858 - INFO conftest.py [line:12]: ==========开始 日清项目 执行测试===========
2022-10-09 10:09:29,578 - INFO conftest.py [line:18]: ==========开始执行测试用例集===========
2022-10-09 10:09:29,578 - INFO conftest.py [line:19]: ----------前置操作：登录日清系统-----------
2022-10-09 10:09:29,578 - INFO conftest.py [line:22]: ---<selenium.webdriver.chrome.webdriver.WebDriver (session="41d8564e7687976a283936f2db5d5c99")>
2022-10-09 10:09:29,824 - INFO loginpage.py [line:29]: 【===登录操作===】
2022-10-09 10:09:29,824 - INFO basePage.py [line:51]: 等待"姓名输入框"元素,定位方式:('id', 'username')
2022-10-09 10:09:29,861 - INFO basePage.py [line:56]: 等待"姓名输入框"时长:0:00:00.036713
2022-10-09 10:09:29,861 - INFO basePage.py [line:86]: 查找"姓名输入框"元素，元素定位:('id', 'username')
2022-10-09 10:09:29,877 - INFO basePage.py [line:111]: 在"姓名输入框"输入"43347",元素定位:('id', 'username')
2022-10-09 10:09:30,006 - INFO basePage.py [line:86]: 查找"密码框"元素，元素定位:('id', 'password')
2022-10-09 10:09:30,022 - INFO basePage.py [line:111]: 在"密码框"输入"BW@jason8854",元素定位:('id', 'password')
2022-10-09 10:09:30,110 - INFO basePage.py [line:86]: 查找"点击登录"元素，元素定位:('id', 'submit')
2022-10-09 10:09:30,126 - INFO basePage.py [line:138]: 点击"点击登录",元素定位:('id', 'submit')
2022-10-09 10:09:33,580 - INFO conftest.py [line:26]: ----------前置操作完成：登录日清系统-----------
2022-10-09 10:09:33,583 - INFO dayplanpage.py [line:42]: 【===添加日清操作===】
2022-10-09 10:09:33,583 - INFO basePage.py [line:86]: 查找"<我的计划>按钮"元素，元素定位:('id', 'firstPageAction')
2022-10-09 10:09:33,588 - INFO basePage.py [line:138]: 点击"<我的计划>按钮",元素定位:('id', 'firstPageAction')
2022-10-09 10:09:33,647 - INFO basePage.py [line:182]: iframe 切换操作:<我的计划iframe>
2022-10-09 10:09:34,205 - INFO basePage.py [line:188]: 切换成功
2022-10-09 10:09:34,205 - INFO basePage.py [line:86]: 查找"添加按钮"元素，元素定位:('id', 'insertDayPlan')
2022-10-09 10:09:34,221 - INFO basePage.py [line:138]: 点击"添加按钮",元素定位:('id', 'insertDayPlan')
2022-10-09 10:09:37,377 - INFO basePage.py [line:182]: iframe 切换操作:切换添加框iframe
2022-10-09 10:09:37,926 - INFO basePage.py [line:188]: 切换成功
2022-10-09 10:09:37,926 - INFO basePage.py [line:86]: 查找"None"元素，元素定位:('xpath', '/html/body/div[2]/div/form/div[1]/div/div')
2022-10-09 10:09:37,966 - INFO basePage.py [line:86]: 查找"选择常用小类"元素，元素定位:('xpath', '/html/body/div[2]/div/form/div[1]/div/div/dl/dd[1]')
2022-10-09 10:09:38,002 - INFO basePage.py [line:138]: 点击"选择常用小类",元素定位:('xpath', '/html/body/div[2]/div/form/div[1]/div/div/dl/dd[1]')
2022-10-09 10:09:38,112 - INFO basePage.py [line:86]: 查找"None"元素，元素定位:('xpath', '/html/body/div[2]/div/form/div[5]/div/div')
2022-10-09 10:09:38,146 - INFO basePage.py [line:86]: 查找"建设成本类型"元素，元素定位:('xpath', '/html/body/div[2]/div/form/div[5]/div/div/dl/dd[text()="建设及其他成本"]')
2022-10-09 10:09:38,170 - INFO basePage.py [line:138]: 点击"建设成本类型",元素定位:('xpath', '/html/body/div[2]/div/form/div[5]/div/div/dl/dd[text()="建设及其他成本"]')
2022-10-09 10:09:38,264 - INFO basePage.py [line:86]: 查找"提交成功"元素，元素定位:('id', 'saveSumDayPlan')
2022-10-09 10:09:38,280 - INFO basePage.py [line:138]: 点击"提交成功",元素定位:('id', 'saveSumDayPlan')
2022-10-09 10:09:38,532 - INFO basePage.py [line:86]: 查找"获取消息提示框信息"元素，元素定位:('xpath', '//*[@id="layui-layer2"]/div')
2022-10-09 10:09:38,556 - INFO basePage.py [line:152]: 获取"获取消息提示框信息"元素文本内容，元素定位:('xpath', '//*[@id="layui-layer2"]/div')
2022-10-09 10:09:38,580 - INFO basePage.py [line:155]: 获取"获取消息提示框信息"元素文本内容为"提交成功",元素定位:('xpath', '//*[@id="layui-layer2"]/div')
2022-10-09 10:09:38,580 - INFO conftest.py [line:28]: ==========结束执行测试用例集===========
2022-10-09 10:09:41,017 - INFO conftest.py [line:18]: ==========结束 日清项目 测试===========
