2022-10-09 09:43:32,767 - INFO conftest.py [line:12]: ==========开始 日清项目 执行测试===========
2022-10-09 09:43:34,392 - INFO conftest.py [line:18]: ==========开始执行测试用例集===========
2022-10-09 09:43:34,392 - INFO conftest.py [line:19]: ----------前置操作：登录日清系统-----------
2022-10-09 09:43:34,392 - INFO conftest.py [line:22]: ---<selenium.webdriver.chrome.webdriver.WebDriver (session="ebd9189e134a844f4f19cc09d75e9fd9")>
2022-10-09 09:43:34,677 - INFO loginpage.py [line:29]: 【===登录操作===】
2022-10-09 09:43:34,677 - INFO basePage.py [line:51]: 等待"姓名输入框"元素,定位方式:('id', 'username')
2022-10-09 09:43:34,736 - INFO basePage.py [line:56]: 等待"姓名输入框"时长:0:00:00.058750
2022-10-09 09:43:34,736 - INFO basePage.py [line:86]: 查找"姓名输入框"元素，元素定位:('id', 'username')
2022-10-09 09:43:34,744 - INFO basePage.py [line:111]: 在"姓名输入框"输入"43347",元素定位:('id', 'username')
2022-10-09 09:43:34,902 - INFO basePage.py [line:86]: 查找"密码框"元素，元素定位:('id', 'password')
2022-10-09 09:43:34,918 - INFO basePage.py [line:111]: 在"密码框"输入"BW@jason8854",元素定位:('id', 'password')
2022-10-09 09:43:35,022 - INFO basePage.py [line:86]: 查找"点击登录"元素，元素定位:('id', 'submit')
2022-10-09 09:43:35,038 - INFO basePage.py [line:138]: 点击"点击登录",元素定位:('id', 'submit')
2022-10-09 09:43:38,491 - INFO conftest.py [line:26]: ----------前置操作完成：登录日清系统-----------
2022-10-09 09:43:38,491 - INFO dayplanpage.py [line:42]: 【===添加日清操作===】
2022-10-09 09:43:38,491 - INFO basePage.py [line:86]: 查找"<我的计划>按钮"元素，元素定位:('id', 'firstPageAction')
2022-10-09 09:43:38,515 - INFO basePage.py [line:138]: 点击"<我的计划>按钮",元素定位:('id', 'firstPageAction')
2022-10-09 09:43:38,588 - INFO basePage.py [line:182]: iframe 切换操作:<我的计划iframe>
2022-10-09 09:43:39,145 - INFO basePage.py [line:188]: 切换成功
2022-10-09 09:43:39,145 - INFO basePage.py [line:86]: 查找"添加按钮"元素，元素定位:('id', 'insertDayPlan')
2022-10-09 09:43:39,161 - INFO basePage.py [line:138]: 点击"添加按钮",元素定位:('id', 'insertDayPlan')
2022-10-09 09:43:42,306 - INFO basePage.py [line:182]: iframe 切换操作:切换添加框iframe
2022-10-09 09:43:42,859 - INFO basePage.py [line:188]: 切换成功
2022-10-09 09:43:42,859 - INFO basePage.py [line:86]: 查找"None"元素，元素定位:('xpath', '/html/body/div[2]/div/form/div[1]/div/div')
2022-10-09 09:43:42,896 - INFO basePage.py [line:86]: 查找"选择常用小类"元素，元素定位:('xpath', '/html/body/div[2]/div/form/div[1]/div/div/dl/dd[1]')
2022-10-09 09:43:42,912 - INFO basePage.py [line:138]: 点击"选择常用小类",元素定位:('xpath', '/html/body/div[2]/div/form/div[1]/div/div/dl/dd[1]')
2022-10-09 09:43:43,067 - INFO basePage.py [line:86]: 查找"None"元素，元素定位:('xpath', '/html/body/div[2]/div/form/div[5]/div/div')
2022-10-09 09:43:43,101 - INFO basePage.py [line:86]: 查找"建设成本类型"元素，元素定位:/html/body/div[2]/div/form/div[5]/div/div/dl/dd[text()="建设及其他成本"]
2022-10-09 09:43:43,217 - INFO conftest.py [line:28]: ==========结束执行测试用例集===========
2022-10-09 09:43:45,576 - INFO conftest.py [line:18]: ==========结束 日清项目 测试===========
