2022-10-09 08:48:48,533 - INFO conftest.py [line:12]: ==========开始 日清项目 执行测试===========
2022-10-09 08:48:50,094 - INFO conftest.py [line:18]: ==========开始执行测试用例集===========
2022-10-09 08:48:50,094 - INFO conftest.py [line:19]: ----------前置操作：登录日清系统-----------
2022-10-09 08:48:50,094 - INFO conftest.py [line:22]: ---<selenium.webdriver.chrome.webdriver.WebDriver (session="4f7911f99d37bf3e04902196cdb4f40a")>
2022-10-09 08:48:50,329 - INFO loginpage.py [line:29]: 【===登录操作===】
2022-10-09 08:48:50,329 - INFO basePage.py [line:51]: 等待"姓名输入框"元素,定位方式:('id', 'username')
2022-10-09 08:48:50,364 - INFO basePage.py [line:56]: 等待"姓名输入框"时长:0:00:00.035095
2022-10-09 08:48:50,364 - INFO basePage.py [line:86]: 查找"姓名输入框"元素，元素定位:('id', 'username')
2022-10-09 08:48:50,385 - INFO basePage.py [line:111]: 在"姓名输入框"输入"43347",元素定位:('id', 'username')
2022-10-09 08:48:50,504 - INFO basePage.py [line:86]: 查找"密码框"元素，元素定位:('id', 'password')
2022-10-09 08:48:50,521 - INFO basePage.py [line:111]: 在"密码框"输入"BW@jason8854",元素定位:('id', 'password')
2022-10-09 08:48:50,630 - INFO basePage.py [line:86]: 查找"点击登录"元素，元素定位:('id', 'submit')
2022-10-09 08:48:50,646 - INFO basePage.py [line:138]: 点击"点击登录",元素定位:('id', 'submit')
2022-10-09 08:48:54,259 - INFO conftest.py [line:26]: ----------前置操作完成：登录日清系统-----------
2022-10-09 08:48:54,259 - INFO dayplanpage.py [line:38]: 【===添加日清操作===】
2022-10-09 08:48:54,259 - INFO basePage.py [line:86]: 查找"<我的计划>按钮"元素，元素定位:('id', 'firstPageAction')
2022-10-09 08:48:54,290 - INFO basePage.py [line:138]: 点击"<我的计划>按钮",元素定位:('id', 'firstPageAction')
2022-10-09 08:48:54,368 - INFO basePage.py [line:182]: iframe 切换操作:<我的计划iframe>
2022-10-09 08:48:54,918 - INFO basePage.py [line:188]: 切换成功
2022-10-09 08:48:54,918 - INFO basePage.py [line:86]: 查找"添加按钮"元素，元素定位:('id', 'insertDayPlan')
2022-10-09 08:48:54,933 - INFO basePage.py [line:138]: 点击"添加按钮",元素定位:('id', 'insertDayPlan')
2022-10-09 08:48:58,060 - INFO basePage.py [line:182]: iframe 切换操作:切换添加框iframe
2022-10-09 08:48:58,607 - INFO basePage.py [line:188]: 切换成功
2022-10-09 08:48:58,607 - INFO basePage.py [line:86]: 查找"None"元素，元素定位:('xpath', '/html/body/div[2]/div/form/div[1]/div/div')
2022-10-09 08:48:58,644 - INFO basePage.py [line:86]: 查找"选择常用小类"元素，元素定位:('xpath', '/html/body/div[2]/div/form/div[1]/div/div/dl/dd[1]')
2022-10-09 08:48:58,668 - INFO basePage.py [line:138]: 点击"选择常用小类",元素定位:('xpath', '/html/body/div[2]/div/form/div[1]/div/div/dl/dd[1]')
2022-10-09 08:48:58,812 - INFO basePage.py [line:86]: 查找"None"元素，元素定位:('xpath', '/html/body/div[2]/div/form/div[5]/div/div')
2022-10-09 08:48:58,862 - INFO basePage.py [line:86]: 查找"建设成本类型"元素，元素定位:('xpath', '/html/body/div[2]/div/form/div[5]/div/div/dl/dd[text()="建设及其他成本"]')
2022-10-09 08:48:58,896 - INFO basePage.py [line:138]: 点击"建设成本类型",元素定位:('xpath', '/html/body/div[2]/div/form/div[5]/div/div/dl/dd[text()="建设及其他成本"]')
2022-10-09 08:48:59,038 - INFO basePage.py [line:86]: 查找"提交成功"元素，元素定位:('id', 'saveSumDayPlan')
2022-10-09 08:48:59,056 - INFO basePage.py [line:138]: 点击"提交成功",元素定位:('id', 'saveSumDayPlan')
2022-10-09 08:48:59,182 - INFO basePage.py [line:86]: 查找"获取消息提示框信息"元素，元素定位:('xpath', '//*[@id="layui-layer2"]/div')
2022-10-09 08:49:05,905 - INFO basePage.py [line:152]: 获取"获取消息提示框信息"元素文本内容，元素定位:('xpath', '//*[@id="layui-layer2"]/div')
2022-10-09 08:49:05,906 - ERROR basePage.py [line:158]: 获取"获取消息提示框信息"元素文本内容失败,元素定位:('xpath', '//*[@id="layui-layer2"]/div')
Traceback (most recent call last):
  File "D:\RiQingUITest\Common\basePage.py", line 154, in get_text
    text = ele.text
AttributeError: 'NoneType' object has no attribute 'text'
2022-10-09 08:49:06,042 - INFO conftest.py [line:28]: ==========结束执行测试用例集===========
2022-10-09 08:49:08,207 - INFO conftest.py [line:18]: ==========结束 日清项目 测试===========
