2022-10-09 21:20:50,997 - INFO conftest.py [line:12]: ==========开始 日清项目 执行测试===========
2022-10-09 21:20:53,153 - INFO conftest.py [line:18]: ==========开始执行测试用例集===========
2022-10-09 21:20:53,153 - INFO conftest.py [line:19]: ----------前置操作：登录日清系统-----------
2022-10-09 21:20:53,153 - INFO conftest.py [line:22]: ---<selenium.webdriver.chrome.webdriver.WebDriver (session="d704027f030c795bffcbe16ec2f0d01e")>
2022-10-09 21:20:53,644 - INFO loginpage.py [line:29]: 【===登录操作===】
2022-10-09 21:20:53,644 - INFO basePage.py [line:51]: 等待"姓名输入框"元素,定位方式:('id', 'username')
2022-10-09 21:20:53,772 - INFO basePage.py [line:56]: 等待"姓名输入框"时长:0:00:00.128248
2022-10-09 21:20:53,772 - INFO basePage.py [line:86]: 查找"姓名输入框"元素，元素定位:('id', 'username')
2022-10-09 21:20:53,788 - INFO basePage.py [line:111]: 在"姓名输入框"输入"43347",元素定位:('id', 'username')
2022-10-09 21:20:53,916 - INFO basePage.py [line:86]: 查找"密码框"元素，元素定位:('id', 'password')
2022-10-09 21:20:53,924 - INFO basePage.py [line:111]: 在"密码框"输入"BW@jason8854",元素定位:('id', 'password')
2022-10-09 21:20:54,020 - INFO basePage.py [line:86]: 查找"点击登录"元素，元素定位:('id', 'submit')
2022-10-09 21:20:54,028 - INFO basePage.py [line:138]: 点击"点击登录",元素定位:('id', 'submit')
2022-10-09 21:20:57,906 - INFO conftest.py [line:26]: ----------前置操作完成：登录日清系统-----------
2022-10-09 21:20:57,906 - INFO dayplanpage.py [line:42]: 【===添加日清操作===】
2022-10-09 21:20:57,906 - INFO basePage.py [line:86]: 查找"<我的计划>按钮"元素，元素定位:('id', 'firstPageAction')
2022-10-09 21:20:57,922 - INFO basePage.py [line:138]: 点击"<我的计划>按钮",元素定位:('id', 'firstPageAction')
2022-10-09 21:20:57,997 - INFO basePage.py [line:182]: iframe 切换操作:<我的计划iframe>
2022-10-09 21:20:58,547 - INFO basePage.py [line:188]: 切换成功
2022-10-09 21:20:58,548 - INFO basePage.py [line:86]: 查找"添加按钮"元素，元素定位:('id', 'insertDayPlan')
2022-10-09 21:20:58,556 - INFO basePage.py [line:138]: 点击"添加按钮",元素定位:('id', 'insertDayPlan')
2022-10-09 21:21:01,687 - INFO basePage.py [line:182]: iframe 切换操作:切换添加框iframe
2022-10-09 21:21:02,246 - INFO basePage.py [line:188]: 切换成功
2022-10-09 21:21:02,246 - INFO basePage.py [line:86]: 查找"None"元素，元素定位:('xpath', '/html/body/div[2]/div/form/div[1]/div/div')
2022-10-09 21:21:02,284 - INFO basePage.py [line:86]: 查找"选择常用小类"元素，元素定位:('xpath', '/html/body/div[2]/div/form/div[1]/div/div/dl/dd[1]')
2022-10-09 21:21:02,386 - INFO basePage.py [line:138]: 点击"选择常用小类",元素定位:('xpath', '/html/body/div[2]/div/form/div[1]/div/div/dl/dd[1]')
2022-10-09 21:21:02,483 - INFO basePage.py [line:86]: 查找"None"元素，元素定位:('xpath', '/html/body/div[2]/div/form/div[5]/div/div')
2022-10-09 21:21:02,534 - INFO basePage.py [line:86]: 查找"建设成本类型"元素，元素定位:('xpath', '/html/body/div[2]/div/form/div[5]/div/div/dl/dd[text()="建设及其他成本"]')
2022-10-09 21:21:02,558 - INFO basePage.py [line:138]: 点击"建设成本类型",元素定位:('xpath', '/html/body/div[2]/div/form/div[5]/div/div/dl/dd[text()="建设及其他成本"]')
2022-10-09 21:21:02,665 - INFO basePage.py [line:86]: 查找"提交成功"元素，元素定位:('id', 'saveSumDayPlan')
2022-10-09 21:21:02,683 - INFO basePage.py [line:138]: 点击"提交成功",元素定位:('id', 'saveSumDayPlan')
2022-10-09 21:21:02,816 - INFO basePage.py [line:86]: 查找"获取消息提示框信息"元素，元素定位:('xpath', '//*[@id="layui-layer2"]/div')
2022-10-09 21:21:12,827 - ERROR basePage.py [line:90]: 查找"获取消息提示框信息"元素失败,定位方式:('xpath', '//*[@id="layui-layer2"]/div')
Traceback (most recent call last):
  File "D:\RiQingUITest\Common\basePage.py", line 88, in find_element
    return self.driver.find_element(*loc)
  File "E:\IT_Application\Python\python\lib\site-packages\selenium\webdriver\remote\webdriver.py", line 857, in find_element
    'value': value})['value']
  File "E:\IT_Application\Python\python\lib\site-packages\selenium\webdriver\remote\webdriver.py", line 428, in execute
    self.error_handler.check_response(response)
  File "E:\IT_Application\Python\python\lib\site-packages\selenium\webdriver\remote\errorhandler.py", line 243, in check_response
    raise exception_class(message, screen, stacktrace)
selenium.common.exceptions.NoSuchElementException: Message: no such element: Unable to locate element: {"method":"xpath","selector":"//*[@id="layui-layer2"]/div"}
  (Session info: chrome=106.0.5249.62)
Stacktrace:
Backtrace:
	Ordinal0 [0x0089DF13+2219795]
	Ordinal0 [0x00832841+1779777]
	Ordinal0 [0x0074423D+803389]
	Ordinal0 [0x00773025+995365]
	Ordinal0 [0x007731EB+995819]
	Ordinal0 [0x007A0F52+1183570]
	Ordinal0 [0x0078E844+1108036]
	Ordinal0 [0x0079F192+1175954]
	Ordinal0 [0x0078E616+1107478]
	Ordinal0 [0x00767F89+950153]
	Ordinal0 [0x00768F56+954198]
	GetHandleVerifier [0x00B92CB2+3040210]
	GetHandleVerifier [0x00B82BB4+2974420]
	GetHandleVerifier [0x00936A0A+565546]
	GetHandleVerifier [0x00935680+560544]
	Ordinal0 [0x00839A5C+1808988]
	Ordinal0 [0x0083E3A8+1827752]
	Ordinal0 [0x0083E495+1827989]
	Ordinal0 [0x008480A4+1867940]
	BaseThreadInitThunk [0x775FFA29+25]
	RtlGetAppContainerNamedObjectPath [0x777E7B5E+286]
	RtlGetAppContainerNamedObjectPath [0x777E7B2E+238]

2022-10-09 21:21:13,102 - INFO conftest.py [line:28]: ==========结束执行测试用例集===========
2022-10-09 21:21:15,573 - INFO conftest.py [line:18]: ==========结束 日清项目 测试===========
