2022-10-09 09:41:42,699 - INFO conftest.py [line:12]: ==========开始 日清项目 执行测试===========
2022-10-09 09:41:44,405 - INFO conftest.py [line:18]: ==========开始执行测试用例集===========
2022-10-09 09:41:44,405 - INFO conftest.py [line:19]: ----------前置操作：登录日清系统-----------
2022-10-09 09:41:44,405 - INFO conftest.py [line:22]: ---<selenium.webdriver.chrome.webdriver.WebDriver (session="c0da662c3d2afff4075fcdf421858934")>
2022-10-09 09:41:44,655 - INFO loginpage.py [line:29]: 【===登录操作===】
2022-10-09 09:41:44,655 - INFO basePage.py [line:51]: 等待"姓名输入框"元素,定位方式:('id', 'username')
2022-10-09 09:41:44,714 - INFO basePage.py [line:56]: 等待"姓名输入框"时长:0:00:00.058618
2022-10-09 09:41:44,714 - INFO basePage.py [line:86]: 查找"姓名输入框"元素，元素定位:('id', 'username')
2022-10-09 09:41:44,722 - INFO basePage.py [line:111]: 在"姓名输入框"输入"43347",元素定位:('id', 'username')
2022-10-09 09:41:44,855 - INFO basePage.py [line:86]: 查找"密码框"元素，元素定位:('id', 'password')
2022-10-09 09:41:44,863 - INFO basePage.py [line:111]: 在"密码框"输入"BW@jason8854",元素定位:('id', 'password')
2022-10-09 09:41:44,943 - INFO basePage.py [line:86]: 查找"点击登录"元素，元素定位:('id', 'submit')
2022-10-09 09:41:44,961 - INFO basePage.py [line:138]: 点击"点击登录",元素定位:('id', 'submit')
2022-10-09 09:41:48,468 - INFO conftest.py [line:26]: ----------前置操作完成：登录日清系统-----------
2022-10-09 09:41:48,468 - INFO dayplanpage.py [line:42]: 【===添加日清操作===】
2022-10-09 09:41:48,468 - INFO basePage.py [line:86]: 查找"<我的计划>按钮"元素，元素定位:('id', 'firstPageAction')
2022-10-09 09:41:48,485 - INFO basePage.py [line:138]: 点击"<我的计划>按钮",元素定位:('id', 'firstPageAction')
2022-10-09 09:41:48,532 - INFO basePage.py [line:182]: iframe 切换操作:<我的计划iframe>
2022-10-09 09:41:49,086 - INFO basePage.py [line:188]: 切换成功
2022-10-09 09:41:49,086 - INFO basePage.py [line:86]: 查找"添加按钮"元素，元素定位:('id', 'insertDayPlan')
2022-10-09 09:41:49,101 - INFO basePage.py [line:138]: 点击"添加按钮",元素定位:('id', 'insertDayPlan')
2022-10-09 09:41:52,226 - INFO basePage.py [line:182]: iframe 切换操作:切换添加框iframe
2022-10-09 09:41:52,814 - INFO basePage.py [line:188]: 切换成功
2022-10-09 09:41:52,814 - INFO basePage.py [line:86]: 查找"None"元素，元素定位:('xpath', '/html/body/div[2]/div/form/div[1]/div/div')
2022-10-09 09:41:52,848 - INFO basePage.py [line:86]: 查找"选择常用小类"元素，元素定位:('xpath', '/html/body/div[2]/div/form/div[1]/div/div/dl/dd[1]')
2022-10-09 09:41:52,877 - INFO basePage.py [line:138]: 点击"选择常用小类",元素定位:('xpath', '/html/body/div[2]/div/form/div[1]/div/div/dl/dd[1]')
2022-10-09 09:41:53,022 - INFO basePage.py [line:86]: 查找"None"元素，元素定位:('xpath', '/html/body/div[2]/div/form/div[5]/div/div')
2022-10-09 09:41:53,138 - INFO conftest.py [line:28]: ==========结束执行测试用例集===========
2022-10-09 09:41:55,538 - INFO conftest.py [line:18]: ==========结束 日清项目 测试===========
