2022-10-07 15:44:58,567 - INFO basePage.py [line:86]: 查找"None"元素，元素定位:('id', 'username')
2022-10-07 15:44:58,583 - INFO basePage.py [line:111]: 在"None"输入"43347",元素定位:('id', 'username')
2022-10-07 15:44:58,663 - INFO basePage.py [line:86]: 查找"None"元素，元素定位:('id', 'password')
2022-10-07 15:44:58,670 - INFO basePage.py [line:111]: 在"None"输入"BW@jason8854",元素定位:('id', 'password')
2022-10-07 15:44:59,727 - INFO basePage.py [line:86]: 查找"None"元素，元素定位:('id', 'submit')
2022-10-07 15:44:59,727 - INFO basePage.py [line:138]: 点击"None",元素定位:('id', 'submit')
2022-10-07 15:45:01,225 - INFO basePage.py [line:86]: 查找"None"元素，元素定位:('id', 'firstPageAction')
2022-10-07 15:45:01,235 - INFO basePage.py [line:138]: 点击"None",元素定位:('id', 'firstPageAction')
2022-10-07 15:45:01,263 - INFO basePage.py [line:182]: iframe 切换操作:
2022-10-07 15:45:01,793 - INFO basePage.py [line:188]: 切换成功
2022-10-07 15:45:04,810 - INFO basePage.py [line:86]: 查找"None"元素，元素定位:('id', 'insertDayPlan')
2022-10-07 15:45:04,825 - INFO basePage.py [line:138]: 点击"None",元素定位:('id', 'insertDayPlan')
2022-10-07 15:45:07,917 - INFO basePage.py [line:182]: iframe 切换操作:
2022-10-07 15:45:08,449 - INFO basePage.py [line:188]: 切换成功
2022-10-07 15:45:08,449 - INFO basePage.py [line:86]: 查找"None"元素，元素定位:('xpath', '/html/body/div[2]/div/form/div[1]/div/div')
2022-10-07 15:45:08,470 - INFO basePage.py [line:86]: 查找"None"元素，元素定位:('xpath', '/html/body/div[2]/div/form/div[1]/div/div/dl/dd[text()="内控建设"]')
2022-10-07 15:45:08,482 - INFO basePage.py [line:138]: 点击"None",元素定位:('xpath', '/html/body/div[2]/div/form/div[1]/div/div/dl/dd[text()="内控建设"]')
2022-10-07 15:45:09,665 - INFO basePage.py [line:86]: 查找"None"元素，元素定位:('xpath', '/html/body/div[2]/div/form/div[5]/div/div')
2022-10-07 15:45:09,689 - INFO basePage.py [line:86]: 查找"None"元素，元素定位:('xpath', '/html/body/div[2]/div/form/div[5]/div/div/dl/dd[text()="建设及其他成本"]')
2022-10-07 15:45:09,699 - INFO basePage.py [line:138]: 点击"None",元素定位:('xpath', '/html/body/div[2]/div/form/div[5]/div/div/dl/dd[text()="建设及其他成本"]')
2022-10-07 15:45:09,749 - INFO basePage.py [line:86]: 查找"None"元素，元素定位:('id', 'saveSumDayPlan')
2022-10-07 15:45:09,758 - INFO basePage.py [line:138]: 点击"None",元素定位:('id', 'saveSumDayPlan')
2022-10-07 15:45:09,990 - INFO basePage.py [line:86]: 查找"None"元素，元素定位:('xpath', '//*[@id="layui-layer2"]/div')
2022-10-07 15:45:10,006 - INFO basePage.py [line:152]: 获取"None"元素文本内容，元素定位:('xpath', '//*[@id="layui-layer2"]/div')
2022-10-07 15:45:10,017 - INFO basePage.py [line:155]: 获取"None"元素文本内容为"提交成功",元素定位:('xpath', '//*[@id="layui-layer2"]/div')
