2022-10-07 21:05:29,598 - INFO conftest.py [line:12]: ==========开始 日清项目 执行测试===========
2022-10-07 21:05:29,598 - INFO conftest.py [line:12]: ==========开始 日清项目 执行测试===========
2022-10-07 21:05:30,913 - INFO conftest.py [line:18]: ==========开始执行测试用例集===========
2022-10-07 21:05:30,913 - INFO conftest.py [line:18]: ==========开始执行测试用例集===========
2022-10-07 21:05:30,913 - INFO conftest.py [line:21]: ----------------------------<selenium.webdriver.chrome.webdriver.WebDriver (session="5876547a210b30d2eb4dd0d921879586")>
2022-10-07 21:05:30,913 - INFO conftest.py [line:21]: ----------------------------<selenium.webdriver.chrome.webdriver.WebDriver (session="5876547a210b30d2eb4dd0d921879586")>
2022-10-07 21:05:31,397 - INFO loginpage.py [line:29]: 【===登录操作===】
2022-10-07 21:05:31,397 - INFO loginpage.py [line:29]: 【===登录操作===】
2022-10-07 21:05:31,398 - INFO basePage.py [line:51]: 等待"姓名输入框"元素,定位方式:('id', 'username')
2022-10-07 21:05:31,398 - INFO basePage.py [line:51]: 等待"姓名输入框"元素,定位方式:('id', 'username')
2022-10-07 21:05:31,420 - INFO basePage.py [line:56]: 等待"姓名输入框"时长:0:00:00.022015
2022-10-07 21:05:31,420 - INFO basePage.py [line:56]: 等待"姓名输入框"时长:0:00:00.022015
2022-10-07 21:05:31,421 - INFO basePage.py [line:86]: 查找"姓名输入框"元素，元素定位:('id', 'username')
2022-10-07 21:05:31,421 - INFO basePage.py [line:86]: 查找"姓名输入框"元素，元素定位:('id', 'username')
2022-10-07 21:05:31,428 - INFO basePage.py [line:111]: 在"姓名输入框"输入"43347",元素定位:('id', 'username')
2022-10-07 21:05:31,428 - INFO basePage.py [line:111]: 在"姓名输入框"输入"43347",元素定位:('id', 'username')
2022-10-07 21:05:31,497 - INFO basePage.py [line:86]: 查找"密码框"元素，元素定位:('id', 'password')
2022-10-07 21:05:31,497 - INFO basePage.py [line:86]: 查找"密码框"元素，元素定位:('id', 'password')
2022-10-07 21:05:31,505 - INFO basePage.py [line:111]: 在"密码框"输入"BW@jason8854",元素定位:('id', 'password')
2022-10-07 21:05:31,505 - INFO basePage.py [line:111]: 在"密码框"输入"BW@jason8854",元素定位:('id', 'password')
2022-10-07 21:05:31,554 - INFO basePage.py [line:86]: 查找"点击登录"元素，元素定位:('id', 'submit')
2022-10-07 21:05:31,554 - INFO basePage.py [line:86]: 查找"点击登录"元素，元素定位:('id', 'submit')
2022-10-07 21:05:31,563 - INFO basePage.py [line:138]: 点击"点击登录",元素定位:('id', 'submit')
2022-10-07 21:05:31,563 - INFO basePage.py [line:138]: 点击"点击登录",元素定位:('id', 'submit')
2022-10-07 21:05:31,611 - INFO dayplanpage.py [line:38]: 【===添加日清操作===】
2022-10-07 21:05:31,611 - INFO dayplanpage.py [line:38]: 【===添加日清操作===】
2022-10-07 21:05:31,612 - INFO basePage.py [line:86]: 查找"<我的计划>按钮"元素，元素定位:('id', 'firstPageAction')
2022-10-07 21:05:31,612 - INFO basePage.py [line:86]: 查找"<我的计划>按钮"元素，元素定位:('id', 'firstPageAction')
2022-10-07 21:05:42,685 - INFO basePage.py [line:138]: 点击"<我的计划>按钮",元素定位:('id', 'firstPageAction')
2022-10-07 21:05:42,685 - INFO basePage.py [line:138]: 点击"<我的计划>按钮",元素定位:('id', 'firstPageAction')
2022-10-07 21:05:42,686 - ERROR basePage.py [line:142]: "<我的计划>按钮"点击失败
Traceback (most recent call last):
  File "D:\RiQingUITest\Common\basePage.py", line 140, in click_element
    ele.click()
AttributeError: 'NoneType' object has no attribute 'click'
2022-10-07 21:05:42,686 - ERROR basePage.py [line:142]: "<我的计划>按钮"点击失败
Traceback (most recent call last):
  File "D:\RiQingUITest\Common\basePage.py", line 140, in click_element
    ele.click()
AttributeError: 'NoneType' object has no attribute 'click'
2022-10-07 21:05:42,731 - INFO conftest.py [line:26]: ==========结束执行测试用例集===========
2022-10-07 21:05:42,731 - INFO conftest.py [line:26]: ==========结束执行测试用例集===========
