2022-09-27 21:02:16,525 - INFO test_001_baiduSearch.py [line:21]: 
WebDriver 正在初始化...
2022-09-27 21:02:17,174 - INFO test_001_baiduSearch.py [line:23]: 打开链接: https://www.baidu.com...
2022-09-27 21:02:17,466 - INFO test_001_baiduSearch.py [line:28]: WebDriver 初始化完成！
2022-09-27 21:02:17,468 - INFO baiduIndex.py [line:24]: 【===搜索操作===】
2022-09-27 21:02:17,468 - INFO basePage.py [line:38]: 等待"搜索框"元素,定位方式:('id', 'kw')
2022-09-27 21:02:17,573 - INFO basePage.py [line:43]: 等待"搜索框"时长:0:00:00.105037
2022-09-27 21:02:17,574 - INFO basePage.py [line:73]: 查找"搜索框"元素，元素定位:('id', 'kw')
2022-09-27 21:02:17,579 - INFO basePage.py [line:98]: 在"搜索框"输入"阿崔",元素定位:('id', 'kw')
2022-09-27 21:02:17,637 - INFO basePage.py [line:73]: 查找"搜索框"元素，元素定位:('id', 'kw')
2022-09-27 21:02:17,645 - INFO basePage.py [line:111]: 清除"搜索框",元素定位:('id', 'kw')
2022-09-27 21:02:17,670 - INFO basePage.py [line:73]: 查找"搜索框"元素，元素定位:('id', 'kw')
2022-09-27 21:02:17,675 - INFO basePage.py [line:98]: 在"搜索框"输入"哈哈",元素定位:('id', 'kw')
2022-09-27 21:02:17,722 - INFO basePage.py [line:38]: 等待""百度一下"搜索按钮"元素,定位方式:('id', 'su')
2022-09-27 21:02:17,740 - INFO basePage.py [line:43]: 等待""百度一下"搜索按钮"时长:0:00:00.018417
2022-09-27 21:02:17,740 - INFO basePage.py [line:73]: 查找""百度一下"搜索按钮"元素，元素定位:('id', 'su')
2022-09-27 21:02:17,746 - INFO basePage.py [line:125]: 点击""百度一下"搜索按钮",元素定位:('id', 'su')
2022-09-27 21:02:20,821 - INFO baiduIndex.py [line:24]: 【===搜索操作===】
2022-09-27 21:02:20,821 - INFO basePage.py [line:38]: 等待"搜索框"元素,定位方式:('id', 'kw')
2022-09-27 21:02:20,837 - INFO basePage.py [line:43]: 等待"搜索框"时长:0:00:00.014985
2022-09-27 21:02:20,837 - INFO basePage.py [line:73]: 查找"搜索框"元素，元素定位:('id', 'kw')
2022-09-27 21:02:20,842 - INFO basePage.py [line:98]: 在"搜索框"输入"阿崔",元素定位:('id', 'kw')
2022-09-27 21:02:20,888 - INFO basePage.py [line:73]: 查找"搜索框"元素，元素定位:('id', 'kw')
2022-09-27 21:02:20,895 - INFO basePage.py [line:111]: 清除"搜索框",元素定位:('id', 'kw')
2022-09-27 21:02:20,919 - INFO basePage.py [line:73]: 查找"搜索框"元素，元素定位:('id', 'kw')
2022-09-27 21:02:20,923 - INFO basePage.py [line:98]: 在"搜索框"输入"呵呵",元素定位:('id', 'kw')
2022-09-27 21:02:20,959 - INFO basePage.py [line:38]: 等待""百度一下"搜索按钮"元素,定位方式:('id', 'su')
2022-09-27 21:02:20,971 - INFO basePage.py [line:43]: 等待""百度一下"搜索按钮"时长:0:00:00.012003
2022-09-27 21:02:20,971 - INFO basePage.py [line:73]: 查找""百度一下"搜索按钮"元素，元素定位:('id', 'su')
2022-09-27 21:02:20,976 - INFO basePage.py [line:125]: 点击""百度一下"搜索按钮",元素定位:('id', 'su')
2022-09-27 21:02:26,328 - INFO test_001_baiduSearch.py [line:31]: WebDriver 成功退出...
