2022-09-27 21:02:32,470 - INFO test_001_baiduSearch.py [line:21]: 
WebDriver 正在初始化...
2022-09-27 21:02:33,114 - INFO test_001_baiduSearch.py [line:23]: 打开链接: https://www.baidu.com...
2022-09-27 21:02:33,336 - INFO test_001_baiduSearch.py [line:28]: WebDriver 初始化完成！
2022-09-27 21:02:33,338 - INFO baiduIndex.py [line:24]: 【===搜索操作===】
2022-09-27 21:02:33,338 - INFO basePage.py [line:38]: 等待"搜索框"元素,定位方式:('id', 'kw')
2022-09-27 21:02:33,434 - INFO basePage.py [line:43]: 等待"搜索框"时长:0:00:00.096041
2022-09-27 21:02:33,434 - INFO basePage.py [line:73]: 查找"搜索框"元素，元素定位:('id', 'kw')
2022-09-27 21:02:33,439 - INFO basePage.py [line:98]: 在"搜索框"输入"阿崔",元素定位:('id', 'kw')
2022-09-27 21:02:33,494 - INFO basePage.py [line:73]: 查找"搜索框"元素，元素定位:('id', 'kw')
2022-09-27 21:02:33,500 - INFO basePage.py [line:111]: 清除"搜索框",元素定位:('id', 'kw')
2022-09-27 21:02:33,528 - INFO basePage.py [line:73]: 查找"搜索框"元素，元素定位:('id', 'kw')
2022-09-27 21:02:33,533 - INFO basePage.py [line:98]: 在"搜索框"输入"哈哈",元素定位:('id', 'kw')
2022-09-27 21:02:33,576 - INFO basePage.py [line:38]: 等待""百度一下"搜索按钮"元素,定位方式:('id', 'su')
2022-09-27 21:02:33,598 - INFO basePage.py [line:43]: 等待""百度一下"搜索按钮"时长:0:00:00.021991
2022-09-27 21:02:33,598 - INFO basePage.py [line:73]: 查找""百度一下"搜索按钮"元素，元素定位:('id', 'su')
2022-09-27 21:02:33,603 - INFO basePage.py [line:125]: 点击""百度一下"搜索按钮",元素定位:('id', 'su')
2022-09-27 21:02:36,674 - INFO baiduIndex.py [line:24]: 【===搜索操作===】
2022-09-27 21:02:36,675 - INFO basePage.py [line:38]: 等待"搜索框"元素,定位方式:('id', 'kw')
2022-09-27 21:02:36,689 - INFO basePage.py [line:43]: 等待"搜索框"时长:0:00:00.013798
2022-09-27 21:02:36,689 - INFO basePage.py [line:73]: 查找"搜索框"元素，元素定位:('id', 'kw')
2022-09-27 21:02:36,693 - INFO basePage.py [line:98]: 在"搜索框"输入"阿崔",元素定位:('id', 'kw')
2022-09-27 21:02:36,776 - INFO basePage.py [line:73]: 查找"搜索框"元素，元素定位:('id', 'kw')
2022-09-27 21:02:36,782 - INFO basePage.py [line:111]: 清除"搜索框",元素定位:('id', 'kw')
2022-09-27 21:02:36,802 - INFO basePage.py [line:73]: 查找"搜索框"元素，元素定位:('id', 'kw')
2022-09-27 21:02:36,807 - INFO basePage.py [line:98]: 在"搜索框"输入"呵呵",元素定位:('id', 'kw')
2022-09-27 21:02:36,842 - INFO basePage.py [line:38]: 等待""百度一下"搜索按钮"元素,定位方式:('id', 'su')
2022-09-27 21:02:36,854 - INFO basePage.py [line:43]: 等待""百度一下"搜索按钮"时长:0:00:00.012003
2022-09-27 21:02:36,854 - INFO basePage.py [line:73]: 查找""百度一下"搜索按钮"元素，元素定位:('id', 'su')
2022-09-27 21:02:36,859 - INFO basePage.py [line:125]: 点击""百度一下"搜索按钮",元素定位:('id', 'su')
2022-09-27 21:02:42,180 - INFO test_001_baiduSearch.py [line:31]: WebDriver 成功退出...
